[INFO] Scanning for projects...
[INFO] 
[INFO] ---------------------< MrYodaAPINew:MrYodaAPINew >----------------------
[INFO] Building MrYodaAPINew 0.0.1-SNAPSHOT
[INFO]   from pom.xml
[INFO] --------------------------------[ jar ]---------------------------------
[INFO] 
[INFO] --- resources:3.3.1:resources (default-resources) @ MrYodaAPINew ---
[INFO] skip non existing resourceDirectory C:\Users\RANJITH\Pictures\MrYodaAPINew\src\main\resources
[INFO] 
[INFO] --- compiler:3.11.0:compile (default-compile) @ MrYodaAPINew ---
[INFO] Nothing to compile - all classes are up to date
[INFO] 
[INFO] --- resources:3.3.1:testResources (default-testResources) @ MrYodaAPINew ---
[INFO] Copying 1 resource from src\test\resources to target\test-classes
[INFO] 
[INFO] --- compiler:3.11.0:testCompile (default-testCompile) @ MrYodaAPINew ---
[INFO] Nothing to compile - all classes are up to date
[INFO] 
[INFO] --- surefire:3.1.2:test (default-test) @ MrYodaAPINew ---
[INFO] Using auto detected provider org.apache.maven.surefire.testng.TestNGProvider
[INFO] 
[INFO] -------------------------------------------------------
[INFO]  T E S T S
[INFO] -------------------------------------------------------
[INFO] Running TestSuite
...
... TestNG 7.8.0 by CΘdric Beust (cedric@beust.com)
...


==========================================================
           USER REGISTRATION TEST
==========================================================

? Generated Mobile: 9855669712

?? USER REGISTRATION REQUEST:
{
  "country_code": "+91",
  "gender": "male",
  "dob": "1991-09-04",
  "mobile": "9855669712",
  "profile_pic": "https://cdn.test.com/img/b462ce.png",
  "last_name": "Wilson",
  "middle_name": "G",
  "first_name": "Chris",
  "alt_mobile": "8463040232",
  "email": "auto_84892bfb@test.com"
}
Request method:	POST
Request URI:	https://dev-api-yodadiagnostics.yodaprojects.com/users/addUser
Proxy:			<none>
Request params:	<none>
Query params:	<none>
Form params:	<none>
Path params:	<none>
Headers:		Accept=*/*
				Content-Type=application/json
Cookies:		<none>
Multiparts:		<none>
Body:
{
    "country_code": "+91",
    "gender": "male",
    "dob": "1991-09-04",
    "mobile": "9855669712",
    "profile_pic": "https://cdn.test.com/img/b462ce.png",
    "last_name": "Wilson",
    "middle_name": "G",
    "first_name": "Chris",
    "alt_mobile": "8463040232",
    "email": "auto_84892bfb@test.com"
}

--- ? PERFORMANCE STATS ---
   Method  : POST
   Endpoint: /users/addUser
   Time    : ? 1075 ms
----------------------------


? USER REGISTRATION RESPONSE RECEIVED

? ===== EXTRACTED USER REGISTRATION DATA =====
? User ID (GUID)  : aac195c9-66ec-4bcc-a403-53458416e974
? First Name      : Chris
? Last Name       : Wilson
? Email           : auto_84892bfb@test.com
?  Gender          : male
? DOB             : 1991-09-04
? Mobile          : 9855669712
? Country Code    : +91
? Status          : null
? Created At      : null
? Updated At      : null
==============================================

? STORED IN RequestContext (GENERIC):
? User ID: aac195c9-66ec-4bcc-a403-53458416e974
? First Name: Chris
? Last Name: Wilson
? Mobile: 9855669712 (already stored)

==========================================================
        USER REGISTRATION COMPLETED
==========================================================

==========================================================
            MEMBER LOGIN TEST (Paid Member)
==========================================================

==================================================
========== TOKEN GENERATION START (MEMBER) ==========
==================================================
Request method:	POST
Request URI:	https://dev-api-yodadiagnostics.yodaprojects.com/otps/getOtp
Proxy:			<none>
Request params:	<none>
Query params:	<none>
Form params:	<none>
Path params:	<none>
Headers:		Accept=*/*
				Content-Type=application/json
Cookies:		<none>
Multiparts:		<none>
Body:
{
    "country_code": "+91",
    "mobile": "9003730394"
}

--- ? PERFORMANCE STATS ---
   Method  : POST
   Endpoint: /otps/getOtp
   Time    : ? 346 ms
----------------------------

Request method:	POST
Request URI:	https://dev-api-yodadiagnostics.yodaprojects.com/otps/getOtp
Proxy:			<none>
Request params:	<none>
Query params:	<none>
Form params:	<none>
Path params:	<none>
Headers:		Accept=*/*
				Content-Type=application/json
Cookies:		<none>
Multiparts:		<none>
Body:
{
    "country_code": "+91",
    "mobile": "9003730394",
    "otp": "123456"
}

--- ? PERFORMANCE STATS ---
   Method  : POST
   Endpoint: /otps/getOtp
   Time    : ? 262 ms
----------------------------

Token generated for MEMBER: eyJhbGciOiJIUzI1NiIsInR5cCI6IkpXVCJ9.eyJ1c2VyR3VpZCI6IjZhN2IwMjE0LWI1ZjAtNGU5Yi1iNmM0LWNkNjEyMzg5OGVkMyIsIm1vYmlsZSI6IjkwMDM3MzAzOTQiLCJmaXJzdF9uYW1lIjoiUmFuaml0aCIsImxhc3RfbmFtZSI6Ikt1bWFyIiwiZW1haWwiOiIiLCJyb2xlIjoidXNlcl9vbmx5IiwiaWF0IjoxNzY3MTc2MjM3LCJleHAiOjE3ODI5NjI0Nzd9.lM3T4NQnrQI5gXf6lKTGDZQLb5R-z_fTHcvfSuq-u0g
? MEMBER LOGIN SUCCESS
   Token: eyJhbGciOiJIUzI1NiIsInR5cCI6IkpXVCJ9.eyJ1c2VyR3VpZCI6IjZhN2IwMjE0LWI1ZjAtNGU5Yi1iNmM0LWNkNjEyMzg5OGVkMyIsIm1vYmlsZSI6IjkwMDM3MzAzOTQiLCJmaXJzdF9uYW1lIjoiUmFuaml0aCIsImxhc3RfbmFtZSI6Ikt1bWFyIiwiZW1haWwiOiIiLCJyb2xlIjoidXNlcl9vbmx5IiwiaWF0IjoxNzY3MTc2MjM3LCJleHAiOjE3ODI5NjI0Nzd9.lM3T4NQnrQI5gXf6lKTGDZQLb5R-z_fTHcvfSuq-u0g
   Mobile: 9003730394 (Member Benefits Enabled)
   Stored in: RequestContext.getMemberToken()
   First Name: Ranjith
   Last Name: Kumar
   User ID: 6a7b0214-b5f0-4e9b-b6c4-cd6123898ed3

==========================================================
         NON-MEMBER LOGIN TEST (No Membership)
==========================================================

==================================================
========== TOKEN GENERATION START (NON_MEMBER) ==========
==================================================
Request method:	POST
Request URI:	https://dev-api-yodadiagnostics.yodaprojects.com/otps/getOtp
Proxy:			<none>
Request params:	<none>
Query params:	<none>
Form params:	<none>
Path params:	<none>
Headers:		Accept=*/*
				Content-Type=application/json
Cookies:		<none>
Multiparts:		<none>
Body:
{
    "country_code": "+91",
    "mobile": "9666666665"
}

--- ? PERFORMANCE STATS ---
   Method  : POST
   Endpoint: /otps/getOtp
   Time    : ? 204 ms
----------------------------

Request method:	POST
Request URI:	https://dev-api-yodadiagnostics.yodaprojects.com/otps/getOtp
Proxy:			<none>
Request params:	<none>
Query params:	<none>
Form params:	<none>
Path params:	<none>
Headers:		Accept=*/*
				Content-Type=application/json
Cookies:		<none>
Multiparts:		<none>
Body:
{
    "country_code": "+91",
    "mobile": "9666666665",
    "otp": "123456"
}

--- ? PERFORMANCE STATS ---
   Method  : POST
   Endpoint: /otps/getOtp
   Time    : ? 333 ms
----------------------------

Token generated for NON_MEMBER: eyJhbGciOiJIUzI1NiIsInR5cCI6IkpXVCJ9.eyJ1c2VyR3VpZCI6ImRiNjgyYWJiLTMxZDEtNDRkZi1iZjE5LTU1N2IwMDNhNWM2OSIsIm1vYmlsZSI6Ijk2NjY2NjY2NjUiLCJmaXJzdF9uYW1lIjoiUmFuaml0aCIsImxhc3RfbmFtZSI6Imt1bWFyIiwiZW1haWwiOiIiLCJyb2xlIjoidXNlcl9vbmx5IiwiaWF0IjoxNzY3MTc2MjM4LCJleHAiOjE3ODI5NjI0Nzh9.8j0OGyEplwYEX4oEYFXswKDlylwuoAcgkI6zT66DDuU
? NON-MEMBER LOGIN SUCCESS
   Token: eyJhbGciOiJIUzI1NiIsInR5cCI6IkpXVCJ9.eyJ1c2VyR3VpZCI6ImRiNjgyYWJiLTMxZDEtNDRkZi1iZjE5LTU1N2IwMDNhNWM2OSIsIm1vYmlsZSI6Ijk2NjY2NjY2NjUiLCJmaXJzdF9uYW1lIjoiUmFuaml0aCIsImxhc3RfbmFtZSI6Imt1bWFyIiwiZW1haWwiOiIiLCJyb2xlIjoidXNlcl9vbmx5IiwiaWF0IjoxNzY3MTc2MjM4LCJleHAiOjE3ODI5NjI0Nzh9.8j0OGyEplwYEX4oEYFXswKDlylwuoAcgkI6zT66DDuU
   Mobile: 8220220227 (NOT a paid member)
   Stored in: RequestContext.getNonMemberToken()
   First Name: Ranjith
   Last Name: kumar
   User ID: db682abb-31d1-44df-bf19-557b003a5c69

==========================================================
            NEW USER LOGIN TEST
==========================================================

==================================================
========== TOKEN GENERATION START (NEW_USER) ==========
==================================================
Request method:	POST
Request URI:	https://dev-api-yodadiagnostics.yodaprojects.com/otps/getOtp
Proxy:			<none>
Request params:	<none>
Query params:	<none>
Form params:	<none>
Path params:	<none>
Headers:		Accept=*/*
				Content-Type=application/json
Cookies:		<none>
Multiparts:		<none>
Body:
{
    "country_code": "+91",
    "mobile": "9855669712"
}

--- ? PERFORMANCE STATS ---
   Method  : POST
   Endpoint: /otps/getOtp
   Time    : ? 152 ms
----------------------------

Request method:	POST
Request URI:	https://dev-api-yodadiagnostics.yodaprojects.com/otps/getOtp
Proxy:			<none>
Request params:	<none>
Query params:	<none>
Form params:	<none>
Path params:	<none>
Headers:		Accept=*/*
				Content-Type=application/json
Cookies:		<none>
Multiparts:		<none>
Body:
{
    "country_code": "+91",
    "mobile": "9855669712",
    "otp": "123456"
}

--- ? PERFORMANCE STATS ---
   Method  : POST
   Endpoint: /otps/getOtp
   Time    : ? 85 ms
----------------------------

Token generated for NEW_USER: eyJhbGciOiJIUzI1NiIsInR5cCI6IkpXVCJ9.eyJ1c2VyR3VpZCI6ImFhYzE5NWM5LTY2ZWMtNGJjYy1hNDAzLTUzNDU4NDE2ZTk3NCIsIm1vYmlsZSI6Ijk4NTU2Njk3MTIiLCJmaXJzdF9uYW1lIjoiQ2hyaXMiLCJsYXN0X25hbWUiOiJXaWxzb24iLCJlbWFpbCI6ImF1dG9fODQ4OTJiZmJAdGVzdC5jb20iLCJyb2xlIjoidXNlcl9vbmx5IiwiaWF0IjoxNzY3MTc2MjM4LCJleHAiOjE3ODI5NjI0Nzh9.uPv3ORrkoiK46_ll1AMr0xG3PWvLsjSp-ASjYTyfj2U
? NEW USER LOGIN SUCCESS
   Token: eyJhbGciOiJIUzI1NiIsInR5cCI6IkpXVCJ9.eyJ1c2VyR3VpZCI6ImFhYzE5NWM5LTY2ZWMtNGJjYy1hNDAzLTUzNDU4NDE2ZTk3NCIsIm1vYmlsZSI6Ijk4NTU2Njk3MTIiLCJmaXJzdF9uYW1lIjoiQ2hyaXMiLCJsYXN0X25hbWUiOiJXaWxzb24iLCJlbWFpbCI6ImF1dG9fODQ4OTJiZmJAdGVzdC5jb20iLCJyb2xlIjoidXNlcl9vbmx5IiwiaWF0IjoxNzY3MTc2MjM4LCJleHAiOjE3ODI5NjI0Nzh9.uPv3ORrkoiK46_ll1AMr0xG3PWvLsjSp-ASjYTyfj2U
   Stored in: RequestContext.getNewUserToken()
   First Name: Chris
   Last Name: Wilson
   User ID: aac195c9-66ec-4bcc-a403-53458416e974

===== LOCATION API ù MEMBER =====
Request method:	POST
Request URI:	https://dev-api-yodadiagnostics.yodaprojects.com/tests/getlocations
Proxy:			<none>
Request params:	<none>
Query params:	<none>
Form params:	<none>
Path params:	<none>
Headers:		Authorization=eyJhbGciOiJIUzI1NiIsInR5cCI6IkpXVCJ9.eyJ1c2VyR3VpZCI6IjZhN2IwMjE0LWI1ZjAtNGU5Yi1iNmM0LWNkNjEyMzg5OGVkMyIsIm1vYmlsZSI6IjkwMDM3MzAzOTQiLCJmaXJzdF9uYW1lIjoiUmFuaml0aCIsImxhc3RfbmFtZSI6Ikt1bWFyIiwiZW1haWwiOiIiLCJyb2xlIjoidXNlcl9vbmx5IiwiaWF0IjoxNzY3MTc2MjM3LCJleHAiOjE3ODI5NjI0Nzd9.lM3T4NQnrQI5gXf6lKTGDZQLb5R-z_fTHcvfSuq-u0g
				Accept=*/*
				Content-Type=application/x-www-form-urlencoded; charset=ISO-8859-1
Cookies:		<none>
Multiparts:		<none>
Body:			<none>

--- ? PERFORMANCE STATS ---
   Method  : POST
   Endpoint: /tests/getlocations
   Time    : ? 140 ms
----------------------------


? Total Locations Found: 6
   Location: Ameerpet (HQ) | City: Hyderabad | State: Telangana | Status: ACTIVE | ID: 64870066842708a0d5ae6c77
   ? Coordinates: Lat=17.4358447, Long=78.452737
? Stored: Ameerpet (HQ) ? ID: 64870066842708a0d5ae6c77 | City: Hyderabad | State: Telangana | Coordinates: (17.4358447, 78.452737)
   Location: Guntur | City: Guntur | State: Andhra Pradesh | Status: ACTIVE | ID: 64870066842708a0d5ae6c74
   ? Coordinates: Lat=16.2992859, Long=80.4515523
? Stored: Guntur ? ID: 64870066842708a0d5ae6c74 | City: Guntur | State: Andhra Pradesh | Coordinates: (16.2992859, 80.4515523)
   Location: Khammam | City: Khammam | State: Telangana | Status: ACTIVE | ID: 68ecce703d573db19b650c76
   ? Coordinates: Lat=17.248727, Long=80.1668882
? Stored: Khammam ? ID: 68ecce703d573db19b650c76 | City: Khammam | State: Telangana | Coordinates: (17.248727, 80.1668882)
   Location: Madhapur | City: Hyderabad | State: Telangana | Status: ACTIVE | ID: 676a5fa720093d2807af03a5
   ? Coordinates: Lat=17.4406327, Long=78.3900194
? Stored: Madhapur ? ID: 676a5fa720093d2807af03a5 | City: Hyderabad | State: Telangana | Coordinates: (17.4406327, 78.3900194)
   Location: Tirupati | City: Tirupati | State: Andhra Pradesh | Status: ACTIVE | ID: 64870066842708a0d5ae6c75
   ? Coordinates: Lat=13.6350832, Long=79.42642049999999
? Stored: Tirupati ? ID: 64870066842708a0d5ae6c75 | City: Tirupati | State: Andhra Pradesh | Coordinates: (13.6350832, 79.42642049999999)
   Location: Visakhapatnam | City: Visakhapatnam | State: Andhra Pradesh | Status: ACTIVE | ID: 67346a7655a51ec8ef586bb1
   ? Coordinates: Lat=17.7087874, Long=83.3106882
? Stored: Visakhapatnam ? ID: 67346a7655a51ec8ef586bb1 | City: Visakhapatnam | State: Andhra Pradesh | Coordinates: (17.7087874, 83.3106882)

? Critical Location 'Ameerpet (HQ)' found and stored: 64870066842708a0d5ae6c77
   ? Ameerpet (HQ) Coordinates: Lat=17.4358447, Long=78.452737
   This location will be used in GlobalSearch and AddToCart APIs

? Locations stored for reuse in next APIs


===== LOCATION API ù NON-MEMBER (8220220227 - NOT a paid member) =====
Request method:	POST
Request URI:	https://dev-api-yodadiagnostics.yodaprojects.com/tests/getlocations
Proxy:			<none>
Request params:	<none>
Query params:	<none>
Form params:	<none>
Path params:	<none>
Headers:		Authorization=eyJhbGciOiJIUzI1NiIsInR5cCI6IkpXVCJ9.eyJ1c2VyR3VpZCI6ImRiNjgyYWJiLTMxZDEtNDRkZi1iZjE5LTU1N2IwMDNhNWM2OSIsIm1vYmlsZSI6Ijk2NjY2NjY2NjUiLCJmaXJzdF9uYW1lIjoiUmFuaml0aCIsImxhc3RfbmFtZSI6Imt1bWFyIiwiZW1haWwiOiIiLCJyb2xlIjoidXNlcl9vbmx5IiwiaWF0IjoxNzY3MTc2MjM4LCJleHAiOjE3ODI5NjI0Nzh9.8j0OGyEplwYEX4oEYFXswKDlylwuoAcgkI6zT66DDuU
				Accept=*/*
				Content-Type=application/x-www-form-urlencoded; charset=ISO-8859-1
Cookies:		<none>
Multiparts:		<none>
Body:			<none>

--- ? PERFORMANCE STATS ---
   Method  : POST
   Endpoint: /tests/getlocations
   Time    : ? 153 ms
----------------------------


? Total Locations Found: 6
   Location: Ameerpet (HQ) | City: Hyderabad | State: Telangana | Status: ACTIVE | ID: 64870066842708a0d5ae6c77
   ? Coordinates: Lat=17.4358447, Long=78.452737
? Stored: Ameerpet (HQ) ? ID: 64870066842708a0d5ae6c77 | City: Hyderabad | State: Telangana | Coordinates: (17.4358447, 78.452737)
   Location: Guntur | City: Guntur | State: Andhra Pradesh | Status: ACTIVE | ID: 64870066842708a0d5ae6c74
   ? Coordinates: Lat=16.2992859, Long=80.4515523
? Stored: Guntur ? ID: 64870066842708a0d5ae6c74 | City: Guntur | State: Andhra Pradesh | Coordinates: (16.2992859, 80.4515523)
   Location: Khammam | City: Khammam | State: Telangana | Status: ACTIVE | ID: 68ecce703d573db19b650c76
   ? Coordinates: Lat=17.248727, Long=80.1668882
? Stored: Khammam ? ID: 68ecce703d573db19b650c76 | City: Khammam | State: Telangana | Coordinates: (17.248727, 80.1668882)
   Location: Madhapur | City: Hyderabad | State: Telangana | Status: ACTIVE | ID: 676a5fa720093d2807af03a5
   ? Coordinates: Lat=17.4406327, Long=78.3900194
? Stored: Madhapur ? ID: 676a5fa720093d2807af03a5 | City: Hyderabad | State: Telangana | Coordinates: (17.4406327, 78.3900194)
   Location: Tirupati | City: Tirupati | State: Andhra Pradesh | Status: ACTIVE | ID: 64870066842708a0d5ae6c75
   ? Coordinates: Lat=13.6350832, Long=79.42642049999999
? Stored: Tirupati ? ID: 64870066842708a0d5ae6c75 | City: Tirupati | State: Andhra Pradesh | Coordinates: (13.6350832, 79.42642049999999)
   Location: Visakhapatnam | City: Visakhapatnam | State: Andhra Pradesh | Status: ACTIVE | ID: 67346a7655a51ec8ef586bb1
   ? Coordinates: Lat=17.7087874, Long=83.3106882
? Stored: Visakhapatnam ? ID: 67346a7655a51ec8ef586bb1 | City: Visakhapatnam | State: Andhra Pradesh | Coordinates: (17.7087874, 83.3106882)

? Critical Location 'Ameerpet (HQ)' found and stored: 64870066842708a0d5ae6c77
   ? Ameerpet (HQ) Coordinates: Lat=17.4358447, Long=78.452737
   This location will be used in GlobalSearch and AddToCart APIs

? Locations stored for reuse in next APIs


===== LOCATION API ù NEW USER =====
Request method:	POST
Request URI:	https://dev-api-yodadiagnostics.yodaprojects.com/tests/getlocations
Proxy:			<none>
Request params:	<none>
Query params:	<none>
Form params:	<none>
Path params:	<none>
Headers:		Authorization=eyJhbGciOiJIUzI1NiIsInR5cCI6IkpXVCJ9.eyJ1c2VyR3VpZCI6ImFhYzE5NWM5LTY2ZWMtNGJjYy1hNDAzLTUzNDU4NDE2ZTk3NCIsIm1vYmlsZSI6Ijk4NTU2Njk3MTIiLCJmaXJzdF9uYW1lIjoiQ2hyaXMiLCJsYXN0X25hbWUiOiJXaWxzb24iLCJlbWFpbCI6ImF1dG9fODQ4OTJiZmJAdGVzdC5jb20iLCJyb2xlIjoidXNlcl9vbmx5IiwiaWF0IjoxNzY3MTc2MjM4LCJleHAiOjE3ODI5NjI0Nzh9.uPv3ORrkoiK46_ll1AMr0xG3PWvLsjSp-ASjYTyfj2U
				Accept=*/*
				Content-Type=application/x-www-form-urlencoded; charset=ISO-8859-1
Cookies:		<none>
Multiparts:		<none>
Body:			<none>

--- ? PERFORMANCE STATS ---
   Method  : POST
   Endpoint: /tests/getlocations
   Time    : ? 244 ms
----------------------------


? Total Locations Found: 6
   Location: Ameerpet (HQ) | City: Hyderabad | State: Telangana | Status: ACTIVE | ID: 64870066842708a0d5ae6c77
   ? Coordinates: Lat=17.4358447, Long=78.452737
? Stored: Ameerpet (HQ) ? ID: 64870066842708a0d5ae6c77 | City: Hyderabad | State: Telangana | Coordinates: (17.4358447, 78.452737)
   Location: Guntur | City: Guntur | State: Andhra Pradesh | Status: ACTIVE | ID: 64870066842708a0d5ae6c74
   ? Coordinates: Lat=16.2992859, Long=80.4515523
? Stored: Guntur ? ID: 64870066842708a0d5ae6c74 | City: Guntur | State: Andhra Pradesh | Coordinates: (16.2992859, 80.4515523)
   Location: Khammam | City: Khammam | State: Telangana | Status: ACTIVE | ID: 68ecce703d573db19b650c76
   ? Coordinates: Lat=17.248727, Long=80.1668882
? Stored: Khammam ? ID: 68ecce703d573db19b650c76 | City: Khammam | State: Telangana | Coordinates: (17.248727, 80.1668882)
   Location: Madhapur | City: Hyderabad | State: Telangana | Status: ACTIVE | ID: 676a5fa720093d2807af03a5
   ? Coordinates: Lat=17.4406327, Long=78.3900194
? Stored: Madhapur ? ID: 676a5fa720093d2807af03a5 | City: Hyderabad | State: Telangana | Coordinates: (17.4406327, 78.3900194)
   Location: Tirupati | City: Tirupati | State: Andhra Pradesh | Status: ACTIVE | ID: 64870066842708a0d5ae6c75
   ? Coordinates: Lat=13.6350832, Long=79.42642049999999
? Stored: Tirupati ? ID: 64870066842708a0d5ae6c75 | City: Tirupati | State: Andhra Pradesh | Coordinates: (13.6350832, 79.42642049999999)
   Location: Visakhapatnam | City: Visakhapatnam | State: Andhra Pradesh | Status: ACTIVE | ID: 67346a7655a51ec8ef586bb1
   ? Coordinates: Lat=17.7087874, Long=83.3106882
? Stored: Visakhapatnam ? ID: 67346a7655a51ec8ef586bb1 | City: Visakhapatnam | State: Andhra Pradesh | Coordinates: (17.7087874, 83.3106882)

? Critical Location 'Ameerpet (HQ)' found and stored: 64870066842708a0d5ae6c77
   ? Ameerpet (HQ) Coordinates: Lat=17.4358447, Long=78.452737
   This location will be used in GlobalSearch and AddToCart APIs

? Locations stored for reuse in next APIs


===== BRAND API ù MEMBER =====

?? FETCHING ALL BRANDS...
Request method:	GET
Request URI:	https://dev-api-yodamembership.yodaprojects.com/brand/getAllBrands
Proxy:			<none>
Request params:	<none>
Query params:	<none>
Form params:	<none>
Path params:	<none>
Headers:		Accept=*/*
Cookies:		<none>
Multiparts:		<none>
Body:			<none>

--- ? PERFORMANCE STATS ---
   Method  : GET
   Endpoint: https://dev-api-yodamembership.yodaprojects.com/brand/getAllBrands
   Time    : ? 201 ms
----------------------------

?? API Failed with status: 404
?? Using HARDCODED Brand ID for 'Diagnostics'

===== BRAND API ù NON-MEMBER =====

?? FETCHING ALL BRANDS...
Request method:	GET
Request URI:	https://dev-api-yodamembership.yodaprojects.com/brand/getAllBrands
Proxy:			<none>
Request params:	<none>
Query params:	<none>
Form params:	<none>
Path params:	<none>
Headers:		Accept=*/*
Cookies:		<none>
Multiparts:		<none>
Body:			<none>

--- ? PERFORMANCE STATS ---
   Method  : GET
   Endpoint: https://dev-api-yodamembership.yodaprojects.com/brand/getAllBrands
   Time    : ? 62 ms
----------------------------

?? API Failed with status: 404
?? Using HARDCODED Brand ID for 'Diagnostics'

===== BRAND API ù NEW USER =====

?? FETCHING ALL BRANDS...
Request method:	GET
Request URI:	https://dev-api-yodamembership.yodaprojects.com/brand/getAllBrands
Proxy:			<none>
Request params:	<none>
Query params:	<none>
Form params:	<none>
Path params:	<none>
Headers:		Accept=*/*
Cookies:		<none>
Multiparts:		<none>
Body:			<none>

--- ? PERFORMANCE STATS ---
   Method  : GET
   Endpoint: https://dev-api-yodamembership.yodaprojects.com/brand/getAllBrands
   Time    : ? 75 ms
----------------------------

?? API Failed with status: 404
?? Using HARDCODED Brand ID for 'Diagnostics'
Running Global Search as part of MEMBER flow...

==========================================================
         GLOBAL SEARCH API TEST - COMPLETE FLOW
==========================================================
? DEBUG ? STORED LOCATIONS: {Tirupati=64870066842708a0d5ae6c75, Visakhapatnam=67346a7655a51ec8ef586bb1, Khammam=68ecce703d573db19b650c76, Madhapur=676a5fa720093d2807af03a5, Ameerpet (HQ)=64870066842708a0d5ae6c77, Guntur=64870066842708a0d5ae6c74}

? STEP 1: Validating Location from Previous API (LocationAPI)
   ? Location 'Ameerpet (HQ)' validated from LocationAPI: 64870066842708a0d5ae6c77
   ? This location will be used for Global Search

??  IMPORTANT: We are NOT searching for CBC!
   If CBC appears in results, it's a bug in the search logic.

? Tests to Search: Glucose (Urine), Diabetes Monitor
? Total Tests: 2

? SEARCHING FOR 2 TESTS
? LOCATION: Ameerpet (HQ) ? 64870066842708a0d5ae6c77

? Searching: Glucose (Urine)

   ? Attempt 1/5
   Search String: "Glucose (Urine)"
Request method:	POST
Request URI:	https://dev-api-yodadiagnostics.yodaprojects.com/tests/adminTests
Proxy:			<none>
Request params:	<none>
Query params:	<none>
Form params:	<none>
Path params:	<none>
Headers:		Authorization=Bearer eyJhbGciOiJIUzI1NiIsInR5cCI6IkpXVCJ9.eyJ1c2VyR3VpZCI6IjZhN2IwMjE0LWI1ZjAtNGU5Yi1iNmM0LWNkNjEyMzg5OGVkMyIsIm1vYmlsZSI6IjkwMDM3MzAzOTQiLCJmaXJzdF9uYW1lIjoiUmFuaml0aCIsImxhc3RfbmFtZSI6Ikt1bWFyIiwiZW1haWwiOiIiLCJyb2xlIjoidXNlcl9vbmx5IiwiaWF0IjoxNzY3MTc2MjM3LCJleHAiOjE3ODI5NjI0Nzd9.lM3T4NQnrQI5gXf6lKTGDZQLb5R-z_fTHcvfSuq-u0g
				Accept=*/*
				Content-Type=application/json
Cookies:		<none>
Multiparts:		<none>
Body:
{
    "limit": 50,
    "location": "64870066842708a0d5ae6c77",
    "page": 1,
    "sort_by": "Type",
    "search_string": "Glucose (Urine)"
}

--- ? PERFORMANCE STATS ---
   Method  : POST
   Endpoint: tests/adminTests
   Time    : ? 325 ms
----------------------------

   ? API returned 1 results

   ? DEBUG - ALL RESULTS for search "Glucose (Urine)":
      Result 1:
         test_name: Glucose (Urine)
         _id: 675921110856fe1e1e992d5a
         test_id: PATH006
         slug: glucose-urine
         Type: diagnostics

   ? EXACT MATCH FOUND: Glucose (Urine)
      Test ID: PATH006
      Product ID: 675921110856fe1e1e992d5a
      ? SUCCESS with search variation: "Glucose (Urine)"

? Searching: Diabetes Monitor

   ? Attempt 1/5
   Search String: "Diabetes Monitor"
Request method:	POST
Request URI:	https://dev-api-yodadiagnostics.yodaprojects.com/tests/adminTests
Proxy:			<none>
Request params:	<none>
Query params:	<none>
Form params:	<none>
Path params:	<none>
Headers:		Authorization=Bearer eyJhbGciOiJIUzI1NiIsInR5cCI6IkpXVCJ9.eyJ1c2VyR3VpZCI6IjZhN2IwMjE0LWI1ZjAtNGU5Yi1iNmM0LWNkNjEyMzg5OGVkMyIsIm1vYmlsZSI6IjkwMDM3MzAzOTQiLCJmaXJzdF9uYW1lIjoiUmFuaml0aCIsImxhc3RfbmFtZSI6Ikt1bWFyIiwiZW1haWwiOiIiLCJyb2xlIjoidXNlcl9vbmx5IiwiaWF0IjoxNzY3MTc2MjM3LCJleHAiOjE3ODI5NjI0Nzd9.lM3T4NQnrQI5gXf6lKTGDZQLb5R-z_fTHcvfSuq-u0g
				Accept=*/*
				Content-Type=application/json
Cookies:		<none>
Multiparts:		<none>
Body:
{
    "limit": 50,
    "location": "64870066842708a0d5ae6c77",
    "page": 1,
    "sort_by": "Type",
    "search_string": "Diabetes Monitor"
}

--- ? PERFORMANCE STATS ---
   Method  : POST
   Endpoint: tests/adminTests
   Time    : ? 220 ms
----------------------------

   ? API returned 1 results

   ? DEBUG - ALL RESULTS for search "Diabetes Monitor":
      Result 1:
         test_name: null
         _id: 675921b2ba6f16b8c0d7bee4
         test_id: null
         slug: diabetes-monitor
         Type: diagnostics

   ??  test_name is NULL for ID: 675921b2ba6f16b8c0d7bee4
      Checking alternative fields...
      ??  Constructed name from slug: Diabetes Monitor
      ? Found alternative name: Diabetes Monitor
   ? EXACT MATCH FOUND: Diabetes Monitor
      Test ID: null
      Product ID: 675921b2ba6f16b8c0d7bee4
      ? SUCCESS with search variation: "Diabetes Monitor"

? ========================================
   TOTAL TESTS FOUND: 2 / 2
   ========================================
Request method:	POST
Request URI:	https://dev-api-yodadiagnostics.yodaprojects.com/tests/adminTests
Proxy:			<none>
Request params:	<none>
Query params:	<none>
Form params:	<none>
Path params:	<none>
Headers:		Authorization=Bearer eyJhbGciOiJIUzI1NiIsInR5cCI6IkpXVCJ9.eyJ1c2VyR3VpZCI6IjZhN2IwMjE0LWI1ZjAtNGU5Yi1iNmM0LWNkNjEyMzg5OGVkMyIsIm1vYmlsZSI6IjkwMDM3MzAzOTQiLCJmaXJzdF9uYW1lIjoiUmFuaml0aCIsImxhc3RfbmFtZSI6Ikt1bWFyIiwiZW1haWwiOiIiLCJyb2xlIjoidXNlcl9vbmx5IiwiaWF0IjoxNzY3MTc2MjM3LCJleHAiOjE3ODI5NjI0Nzd9.lM3T4NQnrQI5gXf6lKTGDZQLb5R-z_fTHcvfSuq-u0g
				Accept=*/*
				Content-Type=application/json
Cookies:		<none>
Multiparts:		<none>
Body:
{
    "limit": 50,
    "location": "64870066842708a0d5ae6c77",
    "page": 1,
    "sort_by": "Type",
    "search_string": "Diabetes Monitor"
}

--- ? PERFORMANCE STATS ---
   Method  : POST
   Endpoint: tests/adminTests
   Time    : ? 231 ms
----------------------------


? EXTRACTING & STORING TEST DETAILS
   Tests already found: 2

? MATCHED & STORED TEST: Glucose (Urine)
   Test ID       : PATH006
   Product ID    : 675921110856fe1e1e992d5a
   Price         : ?3
   Original Price: ?60
   Type          : diagnostics
   Status        : ACTIVE
   Home Collection: ? AVAILABLE

? MATCHED & STORED TEST: Diabetes Monitor
   Test ID       : null
   Product ID    : 675921b2ba6f16b8c0d7bee4
   Price         : ?800
   Original Price: ?800
   Type          : diagnostics
   Status        : ACTIVE
   Home Collection: ? AVAILABLE

? All requested tests extracted and stored successfully!

? VALIDATING: Checking we only got the tests we searched for...
   ? Expected test: Diabetes Monitor
   ? Expected test: Glucose (Urine)

? ANALYZING HOME COLLECTION STATUS FOR ALL TESTS
   ? Diabetes Monitor - Home Collection: AVAILABLE (type='home')
   ? Glucose (Urine) - Home Collection: AVAILABLE (type='home')

? HOME COLLECTION ANALYSIS:
   Total tests found: 2
   Tests WITH home collection: 2
   Tests WITHOUT home collection: 0

? Validated stored test: Glucose (Urine)
   Test ID: PATH006
   Product ID: 675921110856fe1e1e992d5a

? Validated stored test: Diabetes Monitor
   Test ID: null
   Product ID: 675921b2ba6f16b8c0d7bee4

? GLOBAL SEARCH COMPLETE (Stored 2 tests)
Running Global Search as part of NON-MEMBER flow...

==========================================================
         GLOBAL SEARCH API TEST - COMPLETE FLOW
==========================================================
? DEBUG ? STORED LOCATIONS: {Tirupati=64870066842708a0d5ae6c75, Visakhapatnam=67346a7655a51ec8ef586bb1, Khammam=68ecce703d573db19b650c76, Madhapur=676a5fa720093d2807af03a5, Ameerpet (HQ)=64870066842708a0d5ae6c77, Guntur=64870066842708a0d5ae6c74}

? STEP 1: Validating Location from Previous API (LocationAPI)
   ? Location 'Ameerpet (HQ)' validated from LocationAPI: 64870066842708a0d5ae6c77
   ? This location will be used for Global Search

??  IMPORTANT: We are NOT searching for CBC!
   If CBC appears in results, it's a bug in the search logic.

? Tests to Search: Glucose (Urine), Diabetes Monitor
? Total Tests: 2

? SEARCHING FOR 2 TESTS
? LOCATION: Ameerpet (HQ) ? 64870066842708a0d5ae6c77

? Searching: Glucose (Urine)

   ? Attempt 1/5
   Search String: "Glucose (Urine)"
Request method:	POST
Request URI:	https://dev-api-yodadiagnostics.yodaprojects.com/tests/adminTests
Proxy:			<none>
Request params:	<none>
Query params:	<none>
Form params:	<none>
Path params:	<none>
Headers:		Authorization=Bearer eyJhbGciOiJIUzI1NiIsInR5cCI6IkpXVCJ9.eyJ1c2VyR3VpZCI6IjZhN2IwMjE0LWI1ZjAtNGU5Yi1iNmM0LWNkNjEyMzg5OGVkMyIsIm1vYmlsZSI6IjkwMDM3MzAzOTQiLCJmaXJzdF9uYW1lIjoiUmFuaml0aCIsImxhc3RfbmFtZSI6Ikt1bWFyIiwiZW1haWwiOiIiLCJyb2xlIjoidXNlcl9vbmx5IiwiaWF0IjoxNzY3MTc2MjM3LCJleHAiOjE3ODI5NjI0Nzd9.lM3T4NQnrQI5gXf6lKTGDZQLb5R-z_fTHcvfSuq-u0g
				Accept=*/*
				Content-Type=application/json
Cookies:		<none>
Multiparts:		<none>
Body:
{
    "limit": 50,
    "location": "64870066842708a0d5ae6c77",
    "page": 1,
    "sort_by": "Type",
    "search_string": "Glucose (Urine)"
}

--- ? PERFORMANCE STATS ---
   Method  : POST
   Endpoint: tests/adminTests
   Time    : ? 203 ms
----------------------------

   ? API returned 1 results

   ? DEBUG - ALL RESULTS for search "Glucose (Urine)":
      Result 1:
         test_name: Glucose (Urine)
         _id: 675921110856fe1e1e992d5a
         test_id: PATH006
         slug: glucose-urine
         Type: diagnostics

   ? EXACT MATCH FOUND: Glucose (Urine)
      Test ID: PATH006
      Product ID: 675921110856fe1e1e992d5a
      ? SUCCESS with search variation: "Glucose (Urine)"

? Searching: Diabetes Monitor

   ? Attempt 1/5
   Search String: "Diabetes Monitor"
Request method:	POST
Request URI:	https://dev-api-yodadiagnostics.yodaprojects.com/tests/adminTests
Proxy:			<none>
Request params:	<none>
Query params:	<none>
Form params:	<none>
Path params:	<none>
Headers:		Authorization=Bearer eyJhbGciOiJIUzI1NiIsInR5cCI6IkpXVCJ9.eyJ1c2VyR3VpZCI6IjZhN2IwMjE0LWI1ZjAtNGU5Yi1iNmM0LWNkNjEyMzg5OGVkMyIsIm1vYmlsZSI6IjkwMDM3MzAzOTQiLCJmaXJzdF9uYW1lIjoiUmFuaml0aCIsImxhc3RfbmFtZSI6Ikt1bWFyIiwiZW1haWwiOiIiLCJyb2xlIjoidXNlcl9vbmx5IiwiaWF0IjoxNzY3MTc2MjM3LCJleHAiOjE3ODI5NjI0Nzd9.lM3T4NQnrQI5gXf6lKTGDZQLb5R-z_fTHcvfSuq-u0g
				Accept=*/*
				Content-Type=application/json
Cookies:		<none>
Multiparts:		<none>
Body:
{
    "limit": 50,
    "location": "64870066842708a0d5ae6c77",
    "page": 1,
    "sort_by": "Type",
    "search_string": "Diabetes Monitor"
}

--- ? PERFORMANCE STATS ---
   Method  : POST
   Endpoint: tests/adminTests
   Time    : ? 195 ms
----------------------------

   ? API returned 1 results

   ? DEBUG - ALL RESULTS for search "Diabetes Monitor":
      Result 1:
         test_name: null
         _id: 675921b2ba6f16b8c0d7bee4
         test_id: null
         slug: diabetes-monitor
         Type: diagnostics

   ??  test_name is NULL for ID: 675921b2ba6f16b8c0d7bee4
      Checking alternative fields...
      ??  Constructed name from slug: Diabetes Monitor
      ? Found alternative name: Diabetes Monitor
   ? EXACT MATCH FOUND: Diabetes Monitor
      Test ID: null
      Product ID: 675921b2ba6f16b8c0d7bee4
      ? SUCCESS with search variation: "Diabetes Monitor"

? ========================================
   TOTAL TESTS FOUND: 2 / 2
   ========================================
Request method:	POST
Request URI:	https://dev-api-yodadiagnostics.yodaprojects.com/tests/adminTests
Proxy:			<none>
Request params:	<none>
Query params:	<none>
Form params:	<none>
Path params:	<none>
Headers:		Authorization=Bearer eyJhbGciOiJIUzI1NiIsInR5cCI6IkpXVCJ9.eyJ1c2VyR3VpZCI6IjZhN2IwMjE0LWI1ZjAtNGU5Yi1iNmM0LWNkNjEyMzg5OGVkMyIsIm1vYmlsZSI6IjkwMDM3MzAzOTQiLCJmaXJzdF9uYW1lIjoiUmFuaml0aCIsImxhc3RfbmFtZSI6Ikt1bWFyIiwiZW1haWwiOiIiLCJyb2xlIjoidXNlcl9vbmx5IiwiaWF0IjoxNzY3MTc2MjM3LCJleHAiOjE3ODI5NjI0Nzd9.lM3T4NQnrQI5gXf6lKTGDZQLb5R-z_fTHcvfSuq-u0g
				Accept=*/*
				Content-Type=application/json
Cookies:		<none>
Multiparts:		<none>
Body:
{
    "limit": 50,
    "location": "64870066842708a0d5ae6c77",
    "page": 1,
    "sort_by": "Type",
    "search_string": "Diabetes Monitor"
}

--- ? PERFORMANCE STATS ---
   Method  : POST
   Endpoint: tests/adminTests
   Time    : ? 195 ms
----------------------------


? EXTRACTING & STORING TEST DETAILS
   Tests already found: 2

? MATCHED & STORED TEST: Glucose (Urine)
   Test ID       : PATH006
   Product ID    : 675921110856fe1e1e992d5a
   Price         : ?3
   Original Price: ?60
   Type          : diagnostics
   Status        : ACTIVE
   Home Collection: ? AVAILABLE

? MATCHED & STORED TEST: Diabetes Monitor
   Test ID       : null
   Product ID    : 675921b2ba6f16b8c0d7bee4
   Price         : ?800
   Original Price: ?800
   Type          : diagnostics
   Status        : ACTIVE
   Home Collection: ? AVAILABLE

? All requested tests extracted and stored successfully!

? VALIDATING: Checking we only got the tests we searched for...
   ? Expected test: Diabetes Monitor
   ? Expected test: Glucose (Urine)

? ANALYZING HOME COLLECTION STATUS FOR ALL TESTS
   ? Diabetes Monitor - Home Collection: AVAILABLE (type='home')
   ? Glucose (Urine) - Home Collection: AVAILABLE (type='home')

? HOME COLLECTION ANALYSIS:
   Total tests found: 2
   Tests WITH home collection: 2
   Tests WITHOUT home collection: 0

? Validated stored test: Glucose (Urine)
   Test ID: PATH006
   Product ID: 675921110856fe1e1e992d5a

? Validated stored test: Diabetes Monitor
   Test ID: null
   Product ID: 675921b2ba6f16b8c0d7bee4

? GLOBAL SEARCH COMPLETE (Stored 2 tests)
Running Global Search as part of NEW USER flow...

==========================================================
         GLOBAL SEARCH API TEST - COMPLETE FLOW
==========================================================
? DEBUG ? STORED LOCATIONS: {Tirupati=64870066842708a0d5ae6c75, Visakhapatnam=67346a7655a51ec8ef586bb1, Khammam=68ecce703d573db19b650c76, Madhapur=676a5fa720093d2807af03a5, Ameerpet (HQ)=64870066842708a0d5ae6c77, Guntur=64870066842708a0d5ae6c74}

? STEP 1: Validating Location from Previous API (LocationAPI)
   ? Location 'Ameerpet (HQ)' validated from LocationAPI: 64870066842708a0d5ae6c77
   ? This location will be used for Global Search

??  IMPORTANT: We are NOT searching for CBC!
   If CBC appears in results, it's a bug in the search logic.

? Tests to Search: Glucose (Urine), Diabetes Monitor
? Total Tests: 2

? SEARCHING FOR 2 TESTS
? LOCATION: Ameerpet (HQ) ? 64870066842708a0d5ae6c77

? Searching: Glucose (Urine)

   ? Attempt 1/5
   Search String: "Glucose (Urine)"
Request method:	POST
Request URI:	https://dev-api-yodadiagnostics.yodaprojects.com/tests/adminTests
Proxy:			<none>
Request params:	<none>
Query params:	<none>
Form params:	<none>
Path params:	<none>
Headers:		Authorization=Bearer eyJhbGciOiJIUzI1NiIsInR5cCI6IkpXVCJ9.eyJ1c2VyR3VpZCI6IjZhN2IwMjE0LWI1ZjAtNGU5Yi1iNmM0LWNkNjEyMzg5OGVkMyIsIm1vYmlsZSI6IjkwMDM3MzAzOTQiLCJmaXJzdF9uYW1lIjoiUmFuaml0aCIsImxhc3RfbmFtZSI6Ikt1bWFyIiwiZW1haWwiOiIiLCJyb2xlIjoidXNlcl9vbmx5IiwiaWF0IjoxNzY3MTc2MjM3LCJleHAiOjE3ODI5NjI0Nzd9.lM3T4NQnrQI5gXf6lKTGDZQLb5R-z_fTHcvfSuq-u0g
				Accept=*/*
				Content-Type=application/json
Cookies:		<none>
Multiparts:		<none>
Body:
{
    "limit": 50,
    "location": "64870066842708a0d5ae6c77",
    "page": 1,
    "sort_by": "Type",
    "search_string": "Glucose (Urine)"
}

--- ? PERFORMANCE STATS ---
   Method  : POST
   Endpoint: tests/adminTests
   Time    : ? 203 ms
----------------------------

   ? API returned 1 results

   ? DEBUG - ALL RESULTS for search "Glucose (Urine)":
      Result 1:
         test_name: Glucose (Urine)
         _id: 675921110856fe1e1e992d5a
         test_id: PATH006
         slug: glucose-urine
         Type: diagnostics

   ? EXACT MATCH FOUND: Glucose (Urine)
      Test ID: PATH006
      Product ID: 675921110856fe1e1e992d5a
      ? SUCCESS with search variation: "Glucose (Urine)"

? Searching: Diabetes Monitor

   ? Attempt 1/5
   Search String: "Diabetes Monitor"
Request method:	POST
Request URI:	https://dev-api-yodadiagnostics.yodaprojects.com/tests/adminTests
Proxy:			<none>
Request params:	<none>
Query params:	<none>
Form params:	<none>
Path params:	<none>
Headers:		Authorization=Bearer eyJhbGciOiJIUzI1NiIsInR5cCI6IkpXVCJ9.eyJ1c2VyR3VpZCI6IjZhN2IwMjE0LWI1ZjAtNGU5Yi1iNmM0LWNkNjEyMzg5OGVkMyIsIm1vYmlsZSI6IjkwMDM3MzAzOTQiLCJmaXJzdF9uYW1lIjoiUmFuaml0aCIsImxhc3RfbmFtZSI6Ikt1bWFyIiwiZW1haWwiOiIiLCJyb2xlIjoidXNlcl9vbmx5IiwiaWF0IjoxNzY3MTc2MjM3LCJleHAiOjE3ODI5NjI0Nzd9.lM3T4NQnrQI5gXf6lKTGDZQLb5R-z_fTHcvfSuq-u0g
				Accept=*/*
				Content-Type=application/json
Cookies:		<none>
Multiparts:		<none>
Body:
{
    "limit": 50,
    "location": "64870066842708a0d5ae6c77",
    "page": 1,
    "sort_by": "Type",
    "search_string": "Diabetes Monitor"
}

--- ? PERFORMANCE STATS ---
   Method  : POST
   Endpoint: tests/adminTests
   Time    : ? 181 ms
----------------------------

   ? API returned 1 results

   ? DEBUG - ALL RESULTS for search "Diabetes Monitor":
      Result 1:
         test_name: null
         _id: 675921b2ba6f16b8c0d7bee4
         test_id: null
         slug: diabetes-monitor
         Type: diagnostics

   ??  test_name is NULL for ID: 675921b2ba6f16b8c0d7bee4
      Checking alternative fields...
      ??  Constructed name from slug: Diabetes Monitor
      ? Found alternative name: Diabetes Monitor
   ? EXACT MATCH FOUND: Diabetes Monitor
      Test ID: null
      Product ID: 675921b2ba6f16b8c0d7bee4
      ? SUCCESS with search variation: "Diabetes Monitor"

? ========================================
   TOTAL TESTS FOUND: 2 / 2
   ========================================
Request method:	POST
Request URI:	https://dev-api-yodadiagnostics.yodaprojects.com/tests/adminTests
Proxy:			<none>
Request params:	<none>
Query params:	<none>
Form params:	<none>
Path params:	<none>
Headers:		Authorization=Bearer eyJhbGciOiJIUzI1NiIsInR5cCI6IkpXVCJ9.eyJ1c2VyR3VpZCI6IjZhN2IwMjE0LWI1ZjAtNGU5Yi1iNmM0LWNkNjEyMzg5OGVkMyIsIm1vYmlsZSI6IjkwMDM3MzAzOTQiLCJmaXJzdF9uYW1lIjoiUmFuaml0aCIsImxhc3RfbmFtZSI6Ikt1bWFyIiwiZW1haWwiOiIiLCJyb2xlIjoidXNlcl9vbmx5IiwiaWF0IjoxNzY3MTc2MjM3LCJleHAiOjE3ODI5NjI0Nzd9.lM3T4NQnrQI5gXf6lKTGDZQLb5R-z_fTHcvfSuq-u0g
				Accept=*/*
				Content-Type=application/json
Cookies:		<none>
Multiparts:		<none>
Body:
{
    "limit": 50,
    "location": "64870066842708a0d5ae6c77",
    "page": 1,
    "sort_by": "Type",
    "search_string": "Diabetes Monitor"
}

--- ? PERFORMANCE STATS ---
   Method  : POST
   Endpoint: tests/adminTests
   Time    : ? 205 ms
----------------------------


? EXTRACTING & STORING TEST DETAILS
   Tests already found: 2

? MATCHED & STORED TEST: Glucose (Urine)
   Test ID       : PATH006
   Product ID    : 675921110856fe1e1e992d5a
   Price         : ?3
   Original Price: ?60
   Type          : diagnostics
   Status        : ACTIVE
   Home Collection: ? AVAILABLE

? MATCHED & STORED TEST: Diabetes Monitor
   Test ID       : null
   Product ID    : 675921b2ba6f16b8c0d7bee4
   Price         : ?800
   Original Price: ?800
   Type          : diagnostics
   Status        : ACTIVE
   Home Collection: ? AVAILABLE

? All requested tests extracted and stored successfully!

? VALIDATING: Checking we only got the tests we searched for...
   ? Expected test: Diabetes Monitor
   ? Expected test: Glucose (Urine)

? ANALYZING HOME COLLECTION STATUS FOR ALL TESTS
   ? Diabetes Monitor - Home Collection: AVAILABLE (type='home')
   ? Glucose (Urine) - Home Collection: AVAILABLE (type='home')

? HOME COLLECTION ANALYSIS:
   Total tests found: 2
   Tests WITH home collection: 2
   Tests WITHOUT home collection: 0

? Validated stored test: Glucose (Urine)
   Test ID: PATH006
   Product ID: 675921110856fe1e1e992d5a

? Validated stored test: Diabetes Monitor
   Test ID: null
   Product ID: 675921b2ba6f16b8c0d7bee4

? GLOBAL SEARCH COMPLETE (Stored 2 tests)

--- AddToCart For Member ---

? CLEARING PREVIOUS CART for User ID: 6a7b0214-b5f0-4e9b-b6c4-cd6123898ed3
Request method:	POST
Request URI:	https://dev-api-yodadiagnostics.yodaprojects.com/carts/v2/addCart
Proxy:			<none>
Request params:	<none>
Query params:	<none>
Form params:	<none>
Path params:	<none>
Headers:		Authorization=eyJhbGciOiJIUzI1NiIsInR5cCI6IkpXVCJ9.eyJ1c2VyR3VpZCI6IjZhN2IwMjE0LWI1ZjAtNGU5Yi1iNmM0LWNkNjEyMzg5OGVkMyIsIm1vYmlsZSI6IjkwMDM3MzAzOTQiLCJmaXJzdF9uYW1lIjoiUmFuaml0aCIsImxhc3RfbmFtZSI6Ikt1bWFyIiwiZW1haWwiOiIiLCJyb2xlIjoidXNlcl9vbmx5IiwiaWF0IjoxNzY3MTc2MjM3LCJleHAiOjE3ODI5NjI0Nzd9.lM3T4NQnrQI5gXf6lKTGDZQLb5R-z_fTHcvfSuq-u0g
				Accept=*/*
				Content-Type=application/json
Cookies:		<none>
Multiparts:		<none>
Body:
{
    "user_id": "6a7b0214-b5f0-4e9b-b6c4-cd6123898ed3",
    "lab_location_id": "64870066842708a0d5ae6c77",
    "product_details": [
        
    ],
    "order_type": "home"
}

--- ? PERFORMANCE STATS ---
   Method  : POST
   Endpoint: /carts/v2/addCart
   Time    : ? 79 ms
----------------------------

   ? Cart clear API call successful.
   ? Response Body: {"status":200,"success":true,"msg":"Cart updated successfully","total_amount":0,"data":{"id":155,"guid":"d1455e07-a759-4598-8df6-1120e77dbae9","user_id":"6a7b0214-b5f0-4e9b-b6c4-cd6123898ed3","_user_id":null,"product_details":[{"product_id":"675921110856fe1e1e992d5a","quantity":1,"brand_id":"efb159ac-db7c-4b06-a79b-021a8b6d67e8","family_member_id":["6a7b0214-b5f0-4e9b-b6c4-cd6123898ed3"],"location_id":"64870066842708a0d5ae6c77"},{"product_id":"675921b2ba6f16b8c0d7bee4","quantity":1,"brand_id":"efb159ac-db7c-4b06-a79b-021a8b6d67e8","family_member_id":["6a7b0214-b5f0-4e9b-b6c4-cd6123898ed3"],"location_id":"64870066842708a0d5ae6c77"}],"screen_reason":"lab_location_screen","conversion_status":"no","reason_for_drop_order":null,"final_cart_status":"open","reason":null,"created_at":"2025-09-04T14:10:07.596Z","updated_at":"2025-12-31T10:17:27.212Z","deleted_at":null,"order_type":"home","coupon_guid":null,"slot_guid":null,"rewards_used":0,"lab_location_id":"64870066842708a0d5ae6c77","referal_doctor":null,"membership_id":null,"address_id":null,"total_orders":117}}

? CUSTOM PAYLOAD BUILDER for 6a7b0214-b5f0-4e9b-b6c4-cd6123898ed3
      ? Added test to payload: Diabetes Monitor (Type: home)
      ? Added test to payload: Glucose (Urine) (Type: home)
Request method:	POST
Request URI:	https://dev-api-yodadiagnostics.yodaprojects.com/carts/v2/addCart
Proxy:			<none>
Request params:	<none>
Query params:	<none>
Form params:	<none>
Path params:	<none>
Headers:		Authorization=eyJhbGciOiJIUzI1NiIsInR5cCI6IkpXVCJ9.eyJ1c2VyR3VpZCI6IjZhN2IwMjE0LWI1ZjAtNGU5Yi1iNmM0LWNkNjEyMzg5OGVkMyIsIm1vYmlsZSI6IjkwMDM3MzAzOTQiLCJmaXJzdF9uYW1lIjoiUmFuaml0aCIsImxhc3RfbmFtZSI6Ikt1bWFyIiwiZW1haWwiOiIiLCJyb2xlIjoidXNlcl9vbmx5IiwiaWF0IjoxNzY3MTc2MjM3LCJleHAiOjE3ODI5NjI0Nzd9.lM3T4NQnrQI5gXf6lKTGDZQLb5R-z_fTHcvfSuq-u0g
				Accept=*/*
				Content-Type=application/json
Cookies:		<none>
Multiparts:		<none>
Body:
{
    "user_id": "6a7b0214-b5f0-4e9b-b6c4-cd6123898ed3",
    "lab_location_id": "64870066842708a0d5ae6c77",
    "product_details": [
        {
            "quantity": 1,
            "product_id": "675921b2ba6f16b8c0d7bee4",
            "type": "home",
            "location_id": "64870066842708a0d5ae6c77",
            "brand_id": "efb159ac-db7c-4b06-a79b-021a8b6d67e8",
            "family_member_id": [
                "6a7b0214-b5f0-4e9b-b6c4-cd6123898ed3"
            ]
        },
        {
            "quantity": 1,
            "product_id": "675921110856fe1e1e992d5a",
            "type": "home",
            "location_id": "64870066842708a0d5ae6c77",
            "brand_id": "efb159ac-db7c-4b06-a79b-021a8b6d67e8",
            "family_member_id": [
                "6a7b0214-b5f0-4e9b-b6c4-cd6123898ed3"
            ]
        }
    ],
    "order_type": "home"
}

--- ? PERFORMANCE STATS ---
   Method  : POST
   Endpoint: /carts/v2/addCart
   Time    : ? 97 ms
----------------------------

   ? Cart Data Stored for MEMBER (GUID: d1455e07-a759-4598-8df6-1120e77dbae9)

--- AddToCart For Non-Member ---

? CLEARING PREVIOUS CART for User ID: db682abb-31d1-44df-bf19-557b003a5c69
Request method:	POST
Request URI:	https://dev-api-yodadiagnostics.yodaprojects.com/carts/v2/addCart
Proxy:			<none>
Request params:	<none>
Query params:	<none>
Form params:	<none>
Path params:	<none>
Headers:		Authorization=eyJhbGciOiJIUzI1NiIsInR5cCI6IkpXVCJ9.eyJ1c2VyR3VpZCI6ImRiNjgyYWJiLTMxZDEtNDRkZi1iZjE5LTU1N2IwMDNhNWM2OSIsIm1vYmlsZSI6Ijk2NjY2NjY2NjUiLCJmaXJzdF9uYW1lIjoiUmFuaml0aCIsImxhc3RfbmFtZSI6Imt1bWFyIiwiZW1haWwiOiIiLCJyb2xlIjoidXNlcl9vbmx5IiwiaWF0IjoxNzY3MTc2MjM4LCJleHAiOjE3ODI5NjI0Nzh9.8j0OGyEplwYEX4oEYFXswKDlylwuoAcgkI6zT66DDuU
				Accept=*/*
				Content-Type=application/json
Cookies:		<none>
Multiparts:		<none>
Body:
{
    "user_id": "db682abb-31d1-44df-bf19-557b003a5c69",
    "lab_location_id": "64870066842708a0d5ae6c77",
    "product_details": [
        
    ],
    "order_type": "home"
}

--- ? PERFORMANCE STATS ---
   Method  : POST
   Endpoint: /carts/v2/addCart
   Time    : ? 108 ms
----------------------------

   ? Cart clear API call successful.
   ? Response Body: {"status":200,"success":true,"msg":"Cart updated successfully","total_amount":0,"data":{"id":490,"guid":"bb89d801-01f3-4a57-9df0-a1be84bb12cd","user_id":"db682abb-31d1-44df-bf19-557b003a5c69","_user_id":null,"product_details":[{"product_id":"675921110856fe1e1e992d5a","quantity":1,"brand_id":"efb159ac-db7c-4b06-a79b-021a8b6d67e8","family_member_id":["db682abb-31d1-44df-bf19-557b003a5c69"],"location_id":"64870066842708a0d5ae6c77"},{"product_id":"675921b2ba6f16b8c0d7bee4","quantity":1,"brand_id":"efb159ac-db7c-4b06-a79b-021a8b6d67e8","family_member_id":["db682abb-31d1-44df-bf19-557b003a5c69"],"location_id":"64870066842708a0d5ae6c77"}],"screen_reason":"lab_location_screen","conversion_status":"no","reason_for_drop_order":null,"final_cart_status":"open","reason":null,"created_at":"2025-12-01T14:08:26.496Z","updated_at":"2025-12-31T10:17:27.507Z","deleted_at":null,"order_type":"home","coupon_guid":null,"slot_guid":null,"rewards_used":0,"lab_location_id":"64870066842708a0d5ae6c77","referal_doctor":null,"membership_id":null,"address_id":null,"total_orders":116}}

? CUSTOM PAYLOAD BUILDER for db682abb-31d1-44df-bf19-557b003a5c69
      ? Added test to payload: Diabetes Monitor (Type: home)
      ? Added test to payload: Glucose (Urine) (Type: home)
Request method:	POST
Request URI:	https://dev-api-yodadiagnostics.yodaprojects.com/carts/v2/addCart
Proxy:			<none>
Request params:	<none>
Query params:	<none>
Form params:	<none>
Path params:	<none>
Headers:		Authorization=eyJhbGciOiJIUzI1NiIsInR5cCI6IkpXVCJ9.eyJ1c2VyR3VpZCI6ImRiNjgyYWJiLTMxZDEtNDRkZi1iZjE5LTU1N2IwMDNhNWM2OSIsIm1vYmlsZSI6Ijk2NjY2NjY2NjUiLCJmaXJzdF9uYW1lIjoiUmFuaml0aCIsImxhc3RfbmFtZSI6Imt1bWFyIiwiZW1haWwiOiIiLCJyb2xlIjoidXNlcl9vbmx5IiwiaWF0IjoxNzY3MTc2MjM4LCJleHAiOjE3ODI5NjI0Nzh9.8j0OGyEplwYEX4oEYFXswKDlylwuoAcgkI6zT66DDuU
				Accept=*/*
				Content-Type=application/json
Cookies:		<none>
Multiparts:		<none>
Body:
{
    "user_id": "db682abb-31d1-44df-bf19-557b003a5c69",
    "lab_location_id": "64870066842708a0d5ae6c77",
    "product_details": [
        {
            "quantity": 1,
            "product_id": "675921b2ba6f16b8c0d7bee4",
            "type": "home",
            "location_id": "64870066842708a0d5ae6c77",
            "brand_id": "efb159ac-db7c-4b06-a79b-021a8b6d67e8",
            "family_member_id": [
                "db682abb-31d1-44df-bf19-557b003a5c69"
            ]
        },
        {
            "quantity": 1,
            "product_id": "675921110856fe1e1e992d5a",
            "type": "home",
            "location_id": "64870066842708a0d5ae6c77",
            "brand_id": "efb159ac-db7c-4b06-a79b-021a8b6d67e8",
            "family_member_id": [
                "db682abb-31d1-44df-bf19-557b003a5c69"
            ]
        }
    ],
    "order_type": "home"
}

--- ? PERFORMANCE STATS ---
   Method  : POST
   Endpoint: /carts/v2/addCart
   Time    : ? 111 ms
----------------------------

   ? Cart Data Stored for NON_MEMBER (GUID: bb89d801-01f3-4a57-9df0-a1be84bb12cd)

--- AddToCart For New User ---

? CLEARING PREVIOUS CART for User ID: aac195c9-66ec-4bcc-a403-53458416e974
Request method:	POST
Request URI:	https://dev-api-yodadiagnostics.yodaprojects.com/carts/v2/addCart
Proxy:			<none>
Request params:	<none>
Query params:	<none>
Form params:	<none>
Path params:	<none>
Headers:		Authorization=eyJhbGciOiJIUzI1NiIsInR5cCI6IkpXVCJ9.eyJ1c2VyR3VpZCI6ImFhYzE5NWM5LTY2ZWMtNGJjYy1hNDAzLTUzNDU4NDE2ZTk3NCIsIm1vYmlsZSI6Ijk4NTU2Njk3MTIiLCJmaXJzdF9uYW1lIjoiQ2hyaXMiLCJsYXN0X25hbWUiOiJXaWxzb24iLCJlbWFpbCI6ImF1dG9fODQ4OTJiZmJAdGVzdC5jb20iLCJyb2xlIjoidXNlcl9vbmx5IiwiaWF0IjoxNzY3MTc2MjM4LCJleHAiOjE3ODI5NjI0Nzh9.uPv3ORrkoiK46_ll1AMr0xG3PWvLsjSp-ASjYTyfj2U
				Accept=*/*
				Content-Type=application/json
Cookies:		<none>
Multiparts:		<none>
Body:
{
    "user_id": "aac195c9-66ec-4bcc-a403-53458416e974",
    "lab_location_id": "64870066842708a0d5ae6c77",
    "product_details": [
        
    ],
    "order_type": "home"
}

--- ? PERFORMANCE STATS ---
   Method  : POST
   Endpoint: /carts/v2/addCart
   Time    : ? 92 ms
----------------------------

   ? Cart clear API call successful.
   ? Response Body: {"status":201,"success":true,"msg":"Cart saved successfully","total_amount":0,"data":{"id":1009,"guid":"e98d2db1-e701-458c-b340-00e2766e0e61","user_id":"aac195c9-66ec-4bcc-a403-53458416e974","_user_id":null,"product_details":[],"screen_reason":"home_or_lab_screen","conversion_status":"no","reason_for_drop_order":null,"final_cart_status":"open","reason":null,"created_at":"2025-12-31T10:17:27.825Z","updated_at":"2025-12-31T10:17:27.825Z","deleted_at":null,"order_type":"home","coupon_guid":null,"slot_guid":null,"rewards_used":0,"lab_location_id":"64870066842708a0d5ae6c77","referal_doctor":null,"membership_id":null,"address_id":null,"total_orders":0}}

? CUSTOM PAYLOAD BUILDER for aac195c9-66ec-4bcc-a403-53458416e974
      ? Added test to payload: Diabetes Monitor (Type: home)
      ? Added test to payload: Glucose (Urine) (Type: home)
Request method:	POST
Request URI:	https://dev-api-yodadiagnostics.yodaprojects.com/carts/v2/addCart
Proxy:			<none>
Request params:	<none>
Query params:	<none>
Form params:	<none>
Path params:	<none>
Headers:		Authorization=eyJhbGciOiJIUzI1NiIsInR5cCI6IkpXVCJ9.eyJ1c2VyR3VpZCI6ImFhYzE5NWM5LTY2ZWMtNGJjYy1hNDAzLTUzNDU4NDE2ZTk3NCIsIm1vYmlsZSI6Ijk4NTU2Njk3MTIiLCJmaXJzdF9uYW1lIjoiQ2hyaXMiLCJsYXN0X25hbWUiOiJXaWxzb24iLCJlbWFpbCI6ImF1dG9fODQ4OTJiZmJAdGVzdC5jb20iLCJyb2xlIjoidXNlcl9vbmx5IiwiaWF0IjoxNzY3MTc2MjM4LCJleHAiOjE3ODI5NjI0Nzh9.uPv3ORrkoiK46_ll1AMr0xG3PWvLsjSp-ASjYTyfj2U
				Accept=*/*
				Content-Type=application/json
Cookies:		<none>
Multiparts:		<none>
Body:
{
    "user_id": "aac195c9-66ec-4bcc-a403-53458416e974",
    "lab_location_id": "64870066842708a0d5ae6c77",
    "product_details": [
        {
            "quantity": 1,
            "product_id": "675921b2ba6f16b8c0d7bee4",
            "type": "home",
            "location_id": "64870066842708a0d5ae6c77",
            "brand_id": "efb159ac-db7c-4b06-a79b-021a8b6d67e8",
            "family_member_id": [
                "aac195c9-66ec-4bcc-a403-53458416e974"
            ]
        },
        {
            "quantity": 1,
            "product_id": "675921110856fe1e1e992d5a",
            "type": "home",
            "location_id": "64870066842708a0d5ae6c77",
            "brand_id": "efb159ac-db7c-4b06-a79b-021a8b6d67e8",
            "family_member_id": [
                "aac195c9-66ec-4bcc-a403-53458416e974"
            ]
        }
    ],
    "order_type": "home"
}

--- ? PERFORMANCE STATS ---
   Method  : POST
   Endpoint: /carts/v2/addCart
   Time    : ? 91 ms
----------------------------

   ? Cart Data Stored for NEW_USER (GUID: e98d2db1-e701-458c-b340-00e2766e0e61)

>>> STARTING COD FLOW FOR NEW USER <<<

==========================================================
      GET CART API (Check Total for COD)
==========================================================
Request method:	GET
Request URI:	https://dev-api-yodadiagnostics.yodaprojects.com/carts/v2/getCartById/aac195c9-66ec-4bcc-a403-53458416e974?location=64870066842708a0d5ae6c77&order_type=home
Proxy:			<none>
Request params:	<none>
Query params:	location=64870066842708a0d5ae6c77
				order_type=home
Form params:	<none>
Path params:	<none>
Headers:		Authorization=eyJhbGciOiJIUzI1NiIsInR5cCI6IkpXVCJ9.eyJ1c2VyR3VpZCI6ImFhYzE5NWM5LTY2ZWMtNGJjYy1hNDAzLTUzNDU4NDE2ZTk3NCIsIm1vYmlsZSI6Ijk4NTU2Njk3MTIiLCJmaXJzdF9uYW1lIjoiQ2hyaXMiLCJsYXN0X25hbWUiOiJXaWxzb24iLCJlbWFpbCI6ImF1dG9fODQ4OTJiZmJAdGVzdC5jb20iLCJyb2xlIjoidXNlcl9vbmx5IiwiaWF0IjoxNzY3MTc2MjM4LCJleHAiOjE3ODI5NjI0Nzh9.uPv3ORrkoiK46_ll1AMr0xG3PWvLsjSp-ASjYTyfj2U
				Accept=*/*
Cookies:		<none>
Multiparts:		<none>
Body:			<none>

--- ? PERFORMANCE STATS ---
   Method  : GET
   Endpoint: /carts/v2/getCartById/aac195c9-66ec-4bcc-a403-53458416e974
   Time    : ? 240 ms
----------------------------

Response Status: 200
Cart Total Price: 1053
Cart ID: e98d2db1-e701-458c-b340-00e2766e0e61
Slot GUID: null
Lab Location ID: 64870066842708a0d5ae6c77
Order Type: home
Expected Product Names: []

==========================================================
      ADD ADDRESS API (Required for Home Order)
==========================================================
Request method:	POST
Request URI:	https://dev-api-yodadiagnostics.yodaprojects.com/address/addAddress
Proxy:			<none>
Request params:	<none>
Query params:	<none>
Form params:	<none>
Path params:	<none>
Headers:		Authorization=eyJhbGciOiJIUzI1NiIsInR5cCI6IkpXVCJ9.eyJ1c2VyR3VpZCI6ImFhYzE5NWM5LTY2ZWMtNGJjYy1hNDAzLTUzNDU4NDE2ZTk3NCIsIm1vYmlsZSI6Ijk4NTU2Njk3MTIiLCJmaXJzdF9uYW1lIjoiQ2hyaXMiLCJsYXN0X25hbWUiOiJXaWxzb24iLCJlbWFpbCI6ImF1dG9fODQ4OTJiZmJAdGVzdC5jb20iLCJyb2xlIjoidXNlcl9vbmx5IiwiaWF0IjoxNzY3MTc2MjM4LCJleHAiOjE3ODI5NjI0Nzh9.uPv3ORrkoiK46_ll1AMr0xG3PWvLsjSp-ASjYTyfj2U
				Accept=*/*
				Content-Type=application/json
Cookies:		<none>
Multiparts:		<none>
Body:
{
    "country": "India",
    "city": "Hyderabad",
    "recipient_mobile_number": "9999999999",
    "latitude": "17.4358447",
    "type": "home",
    "country_code": "+91",
    "user_id": "aac195c9-66ec-4bcc-a403-53458416e974",
    "address_line1": "Hyderabad",
    "name": "Ameerpet (HQ)",
    "receiver_name": "Test User",
    "state": "Telangana",
    "postal_code": "500016",
    "longitude": "78.452737"
}

--- ? PERFORMANCE STATS ---
   Method  : POST
   Endpoint: /address/addAddress
   Time    : ? 85 ms
----------------------------

Response Status: 201
Response Body: {"status":201,"success":true,"msg":"Address saved successfully","total_amount":0,"data":{"id":805,"guid":"1b9f0cbb-4ebf-43c7-8530-9e7ea822c33c","user_id":"aac195c9-66ec-4bcc-a403-53458416e974","_user_id":1020,"receiver_name":"Test User","recipient_mobile_number":"9999999999","address_line1":"Hyderabad","address_line2":null,"land_mark":null,"city":"Hyderabad","state":"Telangana","country":"India","postal_code":"500016","name":"Ameerpet (HQ)","type":"home","latitude":"17.4358447","longitude":"78.452737","is_default":true,"serving_location":true,"country_code":"+91","floor_number":null,"created_at":"2025-12-31T10:17:28.503Z","updated_at":"2025-12-31T10:17:28.503Z","deleted_at":null}}
Created Address ID: 805
? SEARCHING FOR AVAILABLE SLOTS...
Request method:	POST
Request URI:	https://dev-api-yodadiagnostics.yodaprojects.com/slot/getSlotCountByTime
Proxy:			<none>
Request params:	<none>
Query params:	<none>
Form params:	<none>
Path params:	<none>
Headers:		Authorization=eyJhbGciOiJIUzI1NiIsInR5cCI6IkpXVCJ9.eyJ1c2VyR3VpZCI6ImFhYzE5NWM5LTY2ZWMtNGJjYy1hNDAzLTUzNDU4NDE2ZTk3NCIsIm1vYmlsZSI6Ijk4NTU2Njk3MTIiLCJmaXJzdF9uYW1lIjoiQ2hyaXMiLCJsYXN0X25hbWUiOiJXaWxzb24iLCJlbWFpbCI6ImF1dG9fODQ4OTJiZmJAdGVzdC5jb20iLCJyb2xlIjoidXNlcl9vbmx5IiwiaWF0IjoxNzY3MTc2MjM4LCJleHAiOjE3ODI5NjI0Nzh9.uPv3ORrkoiK46_ll1AMr0xG3PWvLsjSp-ASjYTyfj2U
				Accept=*/*
				Content-Type=application/json
Cookies:		<none>
Multiparts:		<none>
Body:
{
    "slot_start_time": "2025-12-31",
    "limit": 100,
    "page": 1,
    "type": "home",
    "addressguid": "1b9f0cbb-4ebf-43c7-8530-9e7ea822c33c"
}

--- ? PERFORMANCE STATS ---
   Method  : POST
   Endpoint: /slot/getSlotCountByTime
   Time    : ? 79 ms
----------------------------

--- Slot Search ---
Date Searched: 2025-12-31
Status Code: 200
Response Body: {"status":200,"success":true,"msg":"Slots Fetched Successfully","total":23,"page":1,"limit":100,"total_pages":1,"total_amount":0,"data":[{"guid":"52e08992-3abd-45dc-bbf4-0119a52b4c43","type":"home","day":null,"starttime":"2025-12-31 00:00:00","endtime":"2025-12-31 01:00:00","count":0,"centerid":"676e886d854c2069a0d47703"},{"guid":"79064968-3f0a-4027-9a68-4227b86d701a","type":"home","day":null,"starttime":"2025-12-31 01:00:00","endtime":"2025-12-31 02:00:00","count":0,"centerid":"676e886d854c2069a0d47703"},{"guid":"52a49ede-ce35-459c-a47f-c2d33c55027e","type":"home","day":null,"starttime":"2025-12-31 02:00:00","endtime":"2025-12-31 03:00:00","count":0,"centerid":"676e886d854c2069a0d47703"},{"guid":"fc0de6bd-58ba-4e9a-88bb-8c0eb86b304d","type":"home","day":null,"starttime":"2025-12-31 03:00:00","endtime":"2025-12-31 04:00:00","count":0,"centerid":"676e886d854c2069a0d47703"},{"guid":"92e638a7-5368-4e0e-9a80-f3099097514b","type":"home","day":null,"starttime":"2025-12-31 04:00:00","endtime":"2025-12-31 05:00:00","count":0,"centerid":"676e886d854c2069a0d47703"},{"guid":"70445289-09d0-4169-927f-7dd41fdd88e2","type":"home","day":null,"starttime":"2025-12-31 05:00:00","endtime":"2025-12-31 06:00:00","count":0,"centerid":"676e886d854c2069a0d47703"},{"guid":"3b4d8873-f0e7-418d-b973-93af60f4c195","type":"home","day":null,"starttime":"2025-12-31 06:00:00","endtime":"2025-12-31 07:00:00","count":0,"centerid":"676e886d854c2069a0d47703"},{"guid":"54074306-3d57-4424-9e88-24a90736c647","type":"home","day":null,"starttime":"2025-12-31 07:00:00","endtime":"2025-12-31 08:00:00","count":0,"centerid":"676e886d854c2069a0d47703"},{"guid":"160430cc-9faa-422f-b625-7ba951fcf6cf","type":"home","day":null,"starttime":"2025-12-31 08:00:00","endtime":"2025-12-31 09:00:00","count":0,"centerid":"676e886d854c2069a0d47703"},{"guid":"6244491c-f09f-4cd7-bd81-0363c15849b2","type":"home","day":null,"starttime":"2025-12-31 09:00:00","endtime":"2025-12-31 10:00:00","count":0,"centerid":"676e886d854c2069a0d47703"},{"guid":"9e8b8b1c-363e-4acf-81e5-3b6466bf4b0d","type":"home","day":null,"starttime":"2025-12-31 10:00:00","endtime":"2025-12-31 11:00:00","count":0,"centerid":"676e886d854c2069a0d47703"},{"guid":"f668ae9f-ce3c-4ece-b256-72a0db79f98b","type":"home","day":null,"starttime":"2025-12-31 11:00:00","endtime":"2025-12-31 12:00:00","count":0,"centerid":"676e886d854c2069a0d47703"},{"guid":"edb2718e-f95c-4ea4-a2a9-efa990566ac4","type":"home","day":null,"starttime":"2025-12-31 12:00:00","endtime":"2025-12-31 13:00:00","count":0,"centerid":"676e886d854c2069a0d47703"},{"guid":"b8355e9d-543e-4878-8211-1868c42d53ec","type":"home","day":null,"starttime":"2025-12-31 13:00:00","endtime":"2025-12-31 14:00:00","count":0,"centerid":"676e886d854c2069a0d47703"},{"guid":"9541a07e-875b-4c8c-a07a-723d6d97816e","type":"home","day":null,"starttime":"2025-12-31 14:00:00","endtime":"2025-12-31 15:00:00","count":0,"centerid":"676e886d854c2069a0d47703"},{"guid":"f77d6924-7a82-4e27-a1f2-fad7fa41be50","type":"home","day":null,"starttime":"2025-12-31 15:00:00","endtime":"2025-12-31 16:00:00","count":0,"centerid":"676e886d854c2069a0d47703"},{"guid":"896da3e4-0852-479a-9471-a83608e46594","type":"home","day":null,"starttime":"2025-12-31 16:00:00","endtime":"2025-12-31 17:00:00","count":0,"centerid":"676e886d854c2069a0d47703"},{"guid":"8a6157cf-714a-480c-8562-8118c91dbe1e","type":"home","day":null,"starttime":"2025-12-31 17:00:00","endtime":"2025-12-31 18:00:00","count":27,"centerid":"676e886d854c2069a0d47703"},{"guid":"34a7da1f-cd77-4cf5-b016-f921afb50206","type":"home","day":null,"starttime":"2025-12-31 18:00:00","endtime":"2025-12-31 19:00:00","count":29,"centerid":"676e886d854c2069a0d47703"},{"guid":"9cde88b4-9ae4-4c82-a7d9-c714dbc1f881","type":"home","day":null,"starttime":"2025-12-31 19:00:00","endtime":"2025-12-31 20:00:00","count":30,"centerid":"676e886d854c2069a0d47703"},{"guid":"5d739ed3-f3f3-4198-936f-bfba1ced1691","type":"home","day":null,"starttime":"2025-12-31 20:00:00","endtime":"2025-12-31 21:00:00","count":30,"centerid":"676e886d854c2069a0d47703"},{"guid":"f5935f76-f39f-42c8-adb3-101116052ff9","type":"home","day":null,"starttime":"2025-12-31 21:00:00","endtime":"2025-12-31 22:00:00","count":28,"centerid":"676e886d854c2069a0d47703"},{"guid":"da2b11bf-d24a-4017-b59b-53f7a722bd21","type":"home","day":null,"starttime":"2025-12-31 22:00:00","endtime":"2025-12-31 23:00:00","count":27,"centerid":"676e886d854c2069a0d47703"}]}
--- End Slot Search ---
   ? Found Slot: 2025-12-31 17:00:00 - 2025-12-31 18:00:00

? UPDATING CART WITH SLOT...
Request method:	POST
Request URI:	https://dev-api-yodadiagnostics.yodaprojects.com/carts/v2/addCart
Proxy:			<none>
Request params:	<none>
Query params:	<none>
Form params:	<none>
Path params:	<none>
Headers:		Authorization=eyJhbGciOiJIUzI1NiIsInR5cCI6IkpXVCJ9.eyJ1c2VyR3VpZCI6ImFhYzE5NWM5LTY2ZWMtNGJjYy1hNDAzLTUzNDU4NDE2ZTk3NCIsIm1vYmlsZSI6Ijk4NTU2Njk3MTIiLCJmaXJzdF9uYW1lIjoiQ2hyaXMiLCJsYXN0X25hbWUiOiJXaWxzb24iLCJlbWFpbCI6ImF1dG9fODQ4OTJiZmJAdGVzdC5jb20iLCJyb2xlIjoidXNlcl9vbmx5IiwiaWF0IjoxNzY3MTc2MjM4LCJleHAiOjE3ODI5NjI0Nzh9.uPv3ORrkoiK46_ll1AMr0xG3PWvLsjSp-ASjYTyfj2U
				Accept=*/*
				Content-Type=application/json
Cookies:		<none>
Multiparts:		<none>
Body:
{
    "user_id": "aac195c9-66ec-4bcc-a403-53458416e974",
    "slot_guid": "8a6157cf-714a-480c-8562-8118c91dbe1e",
    "address_id": "805",
    "lab_location_id": "64870066842708a0d5ae6c77",
    "product_details": [
        {
            "quantity": 1,
            "product_id": "675921b2ba6f16b8c0d7bee4",
            "type": "home",
            "location_id": "64870066842708a0d5ae6c77",
            "brand_id": "efb159ac-db7c-4b06-a79b-021a8b6d67e8",
            "family_member_id": [
                "aac195c9-66ec-4bcc-a403-53458416e974"
            ]
        },
        {
            "quantity": 1,
            "product_id": "675921110856fe1e1e992d5a",
            "type": "home",
            "location_id": "64870066842708a0d5ae6c77",
            "brand_id": "efb159ac-db7c-4b06-a79b-021a8b6d67e8",
            "family_member_id": [
                "aac195c9-66ec-4bcc-a403-53458416e974"
            ]
        }
    ],
    "order_type": "home"
}

--- ? PERFORMANCE STATS ---
   Method  : POST
   Endpoint: /carts/v2/addCart
   Time    : ? 98 ms
----------------------------

Update Cart Response Body: {"status":500,"success":false,"msg":"invalid input syntax for type uuid: \"805\""}

>>> STARTING COD FLOW FOR MEMBER <<<

==========================================================
      GET CART API (Check Total for COD)
==========================================================
Request method:	GET
Request URI:	https://dev-api-yodadiagnostics.yodaprojects.com/carts/v2/getCartById/6a7b0214-b5f0-4e9b-b6c4-cd6123898ed3?location=64870066842708a0d5ae6c77&order_type=home
Proxy:			<none>
Request params:	<none>
Query params:	location=64870066842708a0d5ae6c77
				order_type=home
Form params:	<none>
Path params:	<none>
Headers:		Authorization=eyJhbGciOiJIUzI1NiIsInR5cCI6IkpXVCJ9.eyJ1c2VyR3VpZCI6IjZhN2IwMjE0LWI1ZjAtNGU5Yi1iNmM0LWNkNjEyMzg5OGVkMyIsIm1vYmlsZSI6IjkwMDM3MzAzOTQiLCJmaXJzdF9uYW1lIjoiUmFuaml0aCIsImxhc3RfbmFtZSI6Ikt1bWFyIiwiZW1haWwiOiIiLCJyb2xlIjoidXNlcl9vbmx5IiwiaWF0IjoxNzY3MTc2MjM3LCJleHAiOjE3ODI5NjI0Nzd9.lM3T4NQnrQI5gXf6lKTGDZQLb5R-z_fTHcvfSuq-u0g
				Accept=*/*
Cookies:		<none>
Multiparts:		<none>
Body:			<none>

--- ? PERFORMANCE STATS ---
   Method  : GET
   Endpoint: /carts/v2/getCartById/6a7b0214-b5f0-4e9b-b6c4-cd6123898ed3
   Time    : ? 246 ms
----------------------------

Response Status: 200
Cart Total Price: 722
Cart ID: d1455e07-a759-4598-8df6-1120e77dbae9
Slot GUID: null
Lab Location ID: 64870066842708a0d5ae6c77
Order Type: home
Expected Product Names: []

==========================================================
      ADD ADDRESS API (Required for Home Order)
==========================================================
Request method:	POST
Request URI:	https://dev-api-yodadiagnostics.yodaprojects.com/address/addAddress
Proxy:			<none>
Request params:	<none>
Query params:	<none>
Form params:	<none>
Path params:	<none>
Headers:		Authorization=eyJhbGciOiJIUzI1NiIsInR5cCI6IkpXVCJ9.eyJ1c2VyR3VpZCI6IjZhN2IwMjE0LWI1ZjAtNGU5Yi1iNmM0LWNkNjEyMzg5OGVkMyIsIm1vYmlsZSI6IjkwMDM3MzAzOTQiLCJmaXJzdF9uYW1lIjoiUmFuaml0aCIsImxhc3RfbmFtZSI6Ikt1bWFyIiwiZW1haWwiOiIiLCJyb2xlIjoidXNlcl9vbmx5IiwiaWF0IjoxNzY3MTc2MjM3LCJleHAiOjE3ODI5NjI0Nzd9.lM3T4NQnrQI5gXf6lKTGDZQLb5R-z_fTHcvfSuq-u0g
				Accept=*/*
				Content-Type=application/json
Cookies:		<none>
Multiparts:		<none>
Body:
{
    "country": "India",
    "city": "Hyderabad",
    "recipient_mobile_number": "9999999999",
    "latitude": "17.4358447",
    "type": "home",
    "country_code": "+91",
    "user_id": "6a7b0214-b5f0-4e9b-b6c4-cd6123898ed3",
    "address_line1": "Hyderabad",
    "name": "Ameerpet (HQ)",
    "receiver_name": "Test User",
    "state": "Telangana",
    "postal_code": "500016",
    "longitude": "78.452737"
}

--- ? PERFORMANCE STATS ---
   Method  : POST
   Endpoint: /address/addAddress
   Time    : ? 78 ms
----------------------------

Response Status: 409
Response Body: {"status":409,"success":false,"msg":"Address already exists!"}
Address already exists (409). Fetching existing address...
Request method:	GET
Request URI:	https://dev-api-yodadiagnostics.yodaprojects.com/address/getAddressByUserId/6a7b0214-b5f0-4e9b-b6c4-cd6123898ed3
Proxy:			<none>
Request params:	<none>
Query params:	<none>
Form params:	<none>
Path params:	<none>
Headers:		Authorization=eyJhbGciOiJIUzI1NiIsInR5cCI6IkpXVCJ9.eyJ1c2VyR3VpZCI6IjZhN2IwMjE0LWI1ZjAtNGU5Yi1iNmM0LWNkNjEyMzg5OGVkMyIsIm1vYmlsZSI6IjkwMDM3MzAzOTQiLCJmaXJzdF9uYW1lIjoiUmFuaml0aCIsImxhc3RfbmFtZSI6Ikt1bWFyIiwiZW1haWwiOiIiLCJyb2xlIjoidXNlcl9vbmx5IiwiaWF0IjoxNzY3MTc2MjM3LCJleHAiOjE3ODI5NjI0Nzd9.lM3T4NQnrQI5gXf6lKTGDZQLb5R-z_fTHcvfSuq-u0g
				Accept=*/*
Cookies:		<none>
Multiparts:		<none>
Body:			<none>

--- ? PERFORMANCE STATS ---
   Method  : GET
   Endpoint: /address/getAddressByUserId/6a7b0214-b5f0-4e9b-b6c4-cd6123898ed3
   Time    : ? 87 ms
----------------------------

Get Address Response Status: 200
Using existing Address ID: 459
? SEARCHING FOR AVAILABLE SLOTS...
Request method:	POST
Request URI:	https://dev-api-yodadiagnostics.yodaprojects.com/slot/getSlotCountByTime
Proxy:			<none>
Request params:	<none>
Query params:	<none>
Form params:	<none>
Path params:	<none>
Headers:		Authorization=eyJhbGciOiJIUzI1NiIsInR5cCI6IkpXVCJ9.eyJ1c2VyR3VpZCI6IjZhN2IwMjE0LWI1ZjAtNGU5Yi1iNmM0LWNkNjEyMzg5OGVkMyIsIm1vYmlsZSI6IjkwMDM3MzAzOTQiLCJmaXJzdF9uYW1lIjoiUmFuaml0aCIsImxhc3RfbmFtZSI6Ikt1bWFyIiwiZW1haWwiOiIiLCJyb2xlIjoidXNlcl9vbmx5IiwiaWF0IjoxNzY3MTc2MjM3LCJleHAiOjE3ODI5NjI0Nzd9.lM3T4NQnrQI5gXf6lKTGDZQLb5R-z_fTHcvfSuq-u0g
				Accept=*/*
				Content-Type=application/json
Cookies:		<none>
Multiparts:		<none>
Body:
{
    "slot_start_time": "2025-12-31",
    "limit": 100,
    "page": 1,
    "type": "home",
    "addressguid": "3e7f93b5-6013-4385-995b-dfecc866c549"
}

--- ? PERFORMANCE STATS ---
   Method  : POST
   Endpoint: /slot/getSlotCountByTime
   Time    : ? 110 ms
----------------------------

--- Slot Search ---
Date Searched: 2025-12-31
Status Code: 200
Response Body: {"status":200,"success":true,"msg":"Slots Fetched Successfully","total":23,"page":1,"limit":100,"total_pages":1,"total_amount":0,"data":[{"guid":"52e08992-3abd-45dc-bbf4-0119a52b4c43","type":"home","day":null,"starttime":"2025-12-31 00:00:00","endtime":"2025-12-31 01:00:00","count":0,"centerid":"676e886d854c2069a0d47703"},{"guid":"79064968-3f0a-4027-9a68-4227b86d701a","type":"home","day":null,"starttime":"2025-12-31 01:00:00","endtime":"2025-12-31 02:00:00","count":0,"centerid":"676e886d854c2069a0d47703"},{"guid":"52a49ede-ce35-459c-a47f-c2d33c55027e","type":"home","day":null,"starttime":"2025-12-31 02:00:00","endtime":"2025-12-31 03:00:00","count":0,"centerid":"676e886d854c2069a0d47703"},{"guid":"fc0de6bd-58ba-4e9a-88bb-8c0eb86b304d","type":"home","day":null,"starttime":"2025-12-31 03:00:00","endtime":"2025-12-31 04:00:00","count":0,"centerid":"676e886d854c2069a0d47703"},{"guid":"92e638a7-5368-4e0e-9a80-f3099097514b","type":"home","day":null,"starttime":"2025-12-31 04:00:00","endtime":"2025-12-31 05:00:00","count":0,"centerid":"676e886d854c2069a0d47703"},{"guid":"70445289-09d0-4169-927f-7dd41fdd88e2","type":"home","day":null,"starttime":"2025-12-31 05:00:00","endtime":"2025-12-31 06:00:00","count":0,"centerid":"676e886d854c2069a0d47703"},{"guid":"3b4d8873-f0e7-418d-b973-93af60f4c195","type":"home","day":null,"starttime":"2025-12-31 06:00:00","endtime":"2025-12-31 07:00:00","count":0,"centerid":"676e886d854c2069a0d47703"},{"guid":"54074306-3d57-4424-9e88-24a90736c647","type":"home","day":null,"starttime":"2025-12-31 07:00:00","endtime":"2025-12-31 08:00:00","count":0,"centerid":"676e886d854c2069a0d47703"},{"guid":"160430cc-9faa-422f-b625-7ba951fcf6cf","type":"home","day":null,"starttime":"2025-12-31 08:00:00","endtime":"2025-12-31 09:00:00","count":0,"centerid":"676e886d854c2069a0d47703"},{"guid":"6244491c-f09f-4cd7-bd81-0363c15849b2","type":"home","day":null,"starttime":"2025-12-31 09:00:00","endtime":"2025-12-31 10:00:00","count":0,"centerid":"676e886d854c2069a0d47703"},{"guid":"9e8b8b1c-363e-4acf-81e5-3b6466bf4b0d","type":"home","day":null,"starttime":"2025-12-31 10:00:00","endtime":"2025-12-31 11:00:00","count":0,"centerid":"676e886d854c2069a0d47703"},{"guid":"f668ae9f-ce3c-4ece-b256-72a0db79f98b","type":"home","day":null,"starttime":"2025-12-31 11:00:00","endtime":"2025-12-31 12:00:00","count":0,"centerid":"676e886d854c2069a0d47703"},{"guid":"edb2718e-f95c-4ea4-a2a9-efa990566ac4","type":"home","day":null,"starttime":"2025-12-31 12:00:00","endtime":"2025-12-31 13:00:00","count":0,"centerid":"676e886d854c2069a0d47703"},{"guid":"b8355e9d-543e-4878-8211-1868c42d53ec","type":"home","day":null,"starttime":"2025-12-31 13:00:00","endtime":"2025-12-31 14:00:00","count":0,"centerid":"676e886d854c2069a0d47703"},{"guid":"9541a07e-875b-4c8c-a07a-723d6d97816e","type":"home","day":null,"starttime":"2025-12-31 14:00:00","endtime":"2025-12-31 15:00:00","count":0,"centerid":"676e886d854c2069a0d47703"},{"guid":"f77d6924-7a82-4e27-a1f2-fad7fa41be50","type":"home","day":null,"starttime":"2025-12-31 15:00:00","endtime":"2025-12-31 16:00:00","count":0,"centerid":"676e886d854c2069a0d47703"},{"guid":"896da3e4-0852-479a-9471-a83608e46594","type":"home","day":null,"starttime":"2025-12-31 16:00:00","endtime":"2025-12-31 17:00:00","count":0,"centerid":"676e886d854c2069a0d47703"},{"guid":"8a6157cf-714a-480c-8562-8118c91dbe1e","type":"home","day":null,"starttime":"2025-12-31 17:00:00","endtime":"2025-12-31 18:00:00","count":27,"centerid":"676e886d854c2069a0d47703"},{"guid":"34a7da1f-cd77-4cf5-b016-f921afb50206","type":"home","day":null,"starttime":"2025-12-31 18:00:00","endtime":"2025-12-31 19:00:00","count":29,"centerid":"676e886d854c2069a0d47703"},{"guid":"9cde88b4-9ae4-4c82-a7d9-c714dbc1f881","type":"home","day":null,"starttime":"2025-12-31 19:00:00","endtime":"2025-12-31 20:00:00","count":30,"centerid":"676e886d854c2069a0d47703"},{"guid":"5d739ed3-f3f3-4198-936f-bfba1ced1691","type":"home","day":null,"starttime":"2025-12-31 20:00:00","endtime":"2025-12-31 21:00:00","count":30,"centerid":"676e886d854c2069a0d47703"},{"guid":"f5935f76-f39f-42c8-adb3-101116052ff9","type":"home","day":null,"starttime":"2025-12-31 21:00:00","endtime":"2025-12-31 22:00:00","count":28,"centerid":"676e886d854c2069a0d47703"},{"guid":"da2b11bf-d24a-4017-b59b-53f7a722bd21","type":"home","day":null,"starttime":"2025-12-31 22:00:00","endtime":"2025-12-31 23:00:00","count":27,"centerid":"676e886d854c2069a0d47703"}]}
--- End Slot Search ---
   ? Found Slot: 2025-12-31 17:00:00 - 2025-12-31 18:00:00

? UPDATING CART WITH SLOT...
Request method:	POST
Request URI:	https://dev-api-yodadiagnostics.yodaprojects.com/carts/v2/addCart
Proxy:			<none>
Request params:	<none>
Query params:	<none>
Form params:	<none>
Path params:	<none>
Headers:		Authorization=eyJhbGciOiJIUzI1NiIsInR5cCI6IkpXVCJ9.eyJ1c2VyR3VpZCI6IjZhN2IwMjE0LWI1ZjAtNGU5Yi1iNmM0LWNkNjEyMzg5OGVkMyIsIm1vYmlsZSI6IjkwMDM3MzAzOTQiLCJmaXJzdF9uYW1lIjoiUmFuaml0aCIsImxhc3RfbmFtZSI6Ikt1bWFyIiwiZW1haWwiOiIiLCJyb2xlIjoidXNlcl9vbmx5IiwiaWF0IjoxNzY3MTc2MjM3LCJleHAiOjE3ODI5NjI0Nzd9.lM3T4NQnrQI5gXf6lKTGDZQLb5R-z_fTHcvfSuq-u0g
				Accept=*/*
				Content-Type=application/json
Cookies:		<none>
Multiparts:		<none>
Body:
{
    "user_id": "6a7b0214-b5f0-4e9b-b6c4-cd6123898ed3",
    "slot_guid": "8a6157cf-714a-480c-8562-8118c91dbe1e",
    "address_id": "459",
    "lab_location_id": "64870066842708a0d5ae6c77",
    "product_details": [
        {
            "quantity": 1,
            "product_id": "675921b2ba6f16b8c0d7bee4",
            "type": "home",
            "location_id": "64870066842708a0d5ae6c77",
            "brand_id": "efb159ac-db7c-4b06-a79b-021a8b6d67e8",
            "family_member_id": [
                "6a7b0214-b5f0-4e9b-b6c4-cd6123898ed3"
            ]
        },
        {
            "quantity": 1,
            "product_id": "675921110856fe1e1e992d5a",
            "type": "home",
            "location_id": "64870066842708a0d5ae6c77",
            "brand_id": "efb159ac-db7c-4b06-a79b-021a8b6d67e8",
            "family_member_id": [
                "6a7b0214-b5f0-4e9b-b6c4-cd6123898ed3"
            ]
        }
    ],
    "order_type": "home"
}

--- ? PERFORMANCE STATS ---
   Method  : POST
   Endpoint: /carts/v2/addCart
   Time    : ? 178 ms
----------------------------

Update Cart Response Body: {"status":500,"success":false,"msg":"invalid input syntax for type uuid: \"459\""}

>>> STARTING COD FLOW FOR NON-MEMBER (EXISTING USER) <<<

==========================================================
      GET CART API (Check Total for COD)
==========================================================
Request method:	GET
Request URI:	https://dev-api-yodadiagnostics.yodaprojects.com/carts/v2/getCartById/db682abb-31d1-44df-bf19-557b003a5c69?location=64870066842708a0d5ae6c77&order_type=home
Proxy:			<none>
Request params:	<none>
Query params:	location=64870066842708a0d5ae6c77
				order_type=home
Form params:	<none>
Path params:	<none>
Headers:		Authorization=eyJhbGciOiJIUzI1NiIsInR5cCI6IkpXVCJ9.eyJ1c2VyR3VpZCI6ImRiNjgyYWJiLTMxZDEtNDRkZi1iZjE5LTU1N2IwMDNhNWM2OSIsIm1vYmlsZSI6Ijk2NjY2NjY2NjUiLCJmaXJzdF9uYW1lIjoiUmFuaml0aCIsImxhc3RfbmFtZSI6Imt1bWFyIiwiZW1haWwiOiIiLCJyb2xlIjoidXNlcl9vbmx5IiwiaWF0IjoxNzY3MTc2MjM4LCJleHAiOjE3ODI5NjI0Nzh9.8j0OGyEplwYEX4oEYFXswKDlylwuoAcgkI6zT66DDuU
				Accept=*/*
Cookies:		<none>
Multiparts:		<none>
Body:			<none>

--- ? PERFORMANCE STATS ---
   Method  : GET
   Endpoint: /carts/v2/getCartById/db682abb-31d1-44df-bf19-557b003a5c69
   Time    : ? 279 ms
----------------------------

Response Status: 200
Cart Total Price: 1053
Cart ID: bb89d801-01f3-4a57-9df0-a1be84bb12cd
Slot GUID: null
Lab Location ID: 64870066842708a0d5ae6c77
Order Type: home
Expected Product Names: []

==========================================================
      ADD ADDRESS API (Required for Home Order)
==========================================================
Request method:	POST
Request URI:	https://dev-api-yodadiagnostics.yodaprojects.com/address/addAddress
Proxy:			<none>
Request params:	<none>
Query params:	<none>
Form params:	<none>
Path params:	<none>
Headers:		Authorization=eyJhbGciOiJIUzI1NiIsInR5cCI6IkpXVCJ9.eyJ1c2VyR3VpZCI6ImRiNjgyYWJiLTMxZDEtNDRkZi1iZjE5LTU1N2IwMDNhNWM2OSIsIm1vYmlsZSI6Ijk2NjY2NjY2NjUiLCJmaXJzdF9uYW1lIjoiUmFuaml0aCIsImxhc3RfbmFtZSI6Imt1bWFyIiwiZW1haWwiOiIiLCJyb2xlIjoidXNlcl9vbmx5IiwiaWF0IjoxNzY3MTc2MjM4LCJleHAiOjE3ODI5NjI0Nzh9.8j0OGyEplwYEX4oEYFXswKDlylwuoAcgkI6zT66DDuU
				Accept=*/*
				Content-Type=application/json
Cookies:		<none>
Multiparts:		<none>
Body:
{
    "country": "India",
    "city": "Hyderabad",
    "recipient_mobile_number": "9999999999",
    "latitude": "17.4358447",
    "type": "home",
    "country_code": "+91",
    "user_id": "db682abb-31d1-44df-bf19-557b003a5c69",
    "address_line1": "Hyderabad",
    "name": "Ameerpet (HQ)",
    "receiver_name": "Test User",
    "state": "Telangana",
    "postal_code": "500016",
    "longitude": "78.452737"
}

--- ? PERFORMANCE STATS ---
   Method  : POST
   Endpoint: /address/addAddress
   Time    : ? 91 ms
----------------------------

Response Status: 409
Response Body: {"status":409,"success":false,"msg":"Address already exists!"}
Address already exists (409). Fetching existing address...
Request method:	GET
Request URI:	https://dev-api-yodadiagnostics.yodaprojects.com/address/getAddressByUserId/db682abb-31d1-44df-bf19-557b003a5c69
Proxy:			<none>
Request params:	<none>
Query params:	<none>
Form params:	<none>
Path params:	<none>
Headers:		Authorization=eyJhbGciOiJIUzI1NiIsInR5cCI6IkpXVCJ9.eyJ1c2VyR3VpZCI6ImRiNjgyYWJiLTMxZDEtNDRkZi1iZjE5LTU1N2IwMDNhNWM2OSIsIm1vYmlsZSI6Ijk2NjY2NjY2NjUiLCJmaXJzdF9uYW1lIjoiUmFuaml0aCIsImxhc3RfbmFtZSI6Imt1bWFyIiwiZW1haWwiOiIiLCJyb2xlIjoidXNlcl9vbmx5IiwiaWF0IjoxNzY3MTc2MjM4LCJleHAiOjE3ODI5NjI0Nzh9.8j0OGyEplwYEX4oEYFXswKDlylwuoAcgkI6zT66DDuU
				Accept=*/*
Cookies:		<none>
Multiparts:		<none>
Body:			<none>

--- ? PERFORMANCE STATS ---
   Method  : GET
   Endpoint: /address/getAddressByUserId/db682abb-31d1-44df-bf19-557b003a5c69
   Time    : ? 103 ms
----------------------------

Get Address Response Status: 200
Using existing Address ID: 471
? SEARCHING FOR AVAILABLE SLOTS...
Request method:	POST
Request URI:	https://dev-api-yodadiagnostics.yodaprojects.com/slot/getSlotCountByTime
Proxy:			<none>
Request params:	<none>
Query params:	<none>
Form params:	<none>
Path params:	<none>
Headers:		Authorization=eyJhbGciOiJIUzI1NiIsInR5cCI6IkpXVCJ9.eyJ1c2VyR3VpZCI6ImRiNjgyYWJiLTMxZDEtNDRkZi1iZjE5LTU1N2IwMDNhNWM2OSIsIm1vYmlsZSI6Ijk2NjY2NjY2NjUiLCJmaXJzdF9uYW1lIjoiUmFuaml0aCIsImxhc3RfbmFtZSI6Imt1bWFyIiwiZW1haWwiOiIiLCJyb2xlIjoidXNlcl9vbmx5IiwiaWF0IjoxNzY3MTc2MjM4LCJleHAiOjE3ODI5NjI0Nzh9.8j0OGyEplwYEX4oEYFXswKDlylwuoAcgkI6zT66DDuU
				Accept=*/*
				Content-Type=application/json
Cookies:		<none>
Multiparts:		<none>
Body:
{
    "slot_start_time": "2025-12-31",
    "limit": 100,
    "page": 1,
    "type": "home",
    "addressguid": "99cfd160-72e2-4fcf-b2f4-56e5bbb49fea"
}

--- ? PERFORMANCE STATS ---
   Method  : POST
   Endpoint: /slot/getSlotCountByTime
   Time    : ? 114 ms
----------------------------

--- Slot Search ---
Date Searched: 2025-12-31
Status Code: 200
Response Body: {"status":200,"success":true,"msg":"Slots Fetched Successfully","total":23,"page":1,"limit":100,"total_pages":1,"total_amount":0,"data":[{"guid":"52e08992-3abd-45dc-bbf4-0119a52b4c43","type":"home","day":null,"starttime":"2025-12-31 00:00:00","endtime":"2025-12-31 01:00:00","count":0,"centerid":"676e886d854c2069a0d47703"},{"guid":"79064968-3f0a-4027-9a68-4227b86d701a","type":"home","day":null,"starttime":"2025-12-31 01:00:00","endtime":"2025-12-31 02:00:00","count":0,"centerid":"676e886d854c2069a0d47703"},{"guid":"52a49ede-ce35-459c-a47f-c2d33c55027e","type":"home","day":null,"starttime":"2025-12-31 02:00:00","endtime":"2025-12-31 03:00:00","count":0,"centerid":"676e886d854c2069a0d47703"},{"guid":"fc0de6bd-58ba-4e9a-88bb-8c0eb86b304d","type":"home","day":null,"starttime":"2025-12-31 03:00:00","endtime":"2025-12-31 04:00:00","count":0,"centerid":"676e886d854c2069a0d47703"},{"guid":"92e638a7-5368-4e0e-9a80-f3099097514b","type":"home","day":null,"starttime":"2025-12-31 04:00:00","endtime":"2025-12-31 05:00:00","count":0,"centerid":"676e886d854c2069a0d47703"},{"guid":"70445289-09d0-4169-927f-7dd41fdd88e2","type":"home","day":null,"starttime":"2025-12-31 05:00:00","endtime":"2025-12-31 06:00:00","count":0,"centerid":"676e886d854c2069a0d47703"},{"guid":"3b4d8873-f0e7-418d-b973-93af60f4c195","type":"home","day":null,"starttime":"2025-12-31 06:00:00","endtime":"2025-12-31 07:00:00","count":0,"centerid":"676e886d854c2069a0d47703"},{"guid":"54074306-3d57-4424-9e88-24a90736c647","type":"home","day":null,"starttime":"2025-12-31 07:00:00","endtime":"2025-12-31 08:00:00","count":0,"centerid":"676e886d854c2069a0d47703"},{"guid":"160430cc-9faa-422f-b625-7ba951fcf6cf","type":"home","day":null,"starttime":"2025-12-31 08:00:00","endtime":"2025-12-31 09:00:00","count":0,"centerid":"676e886d854c2069a0d47703"},{"guid":"6244491c-f09f-4cd7-bd81-0363c15849b2","type":"home","day":null,"starttime":"2025-12-31 09:00:00","endtime":"2025-12-31 10:00:00","count":0,"centerid":"676e886d854c2069a0d47703"},{"guid":"9e8b8b1c-363e-4acf-81e5-3b6466bf4b0d","type":"home","day":null,"starttime":"2025-12-31 10:00:00","endtime":"2025-12-31 11:00:00","count":0,"centerid":"676e886d854c2069a0d47703"},{"guid":"f668ae9f-ce3c-4ece-b256-72a0db79f98b","type":"home","day":null,"starttime":"2025-12-31 11:00:00","endtime":"2025-12-31 12:00:00","count":0,"centerid":"676e886d854c2069a0d47703"},{"guid":"edb2718e-f95c-4ea4-a2a9-efa990566ac4","type":"home","day":null,"starttime":"2025-12-31 12:00:00","endtime":"2025-12-31 13:00:00","count":0,"centerid":"676e886d854c2069a0d47703"},{"guid":"b8355e9d-543e-4878-8211-1868c42d53ec","type":"home","day":null,"starttime":"2025-12-31 13:00:00","endtime":"2025-12-31 14:00:00","count":0,"centerid":"676e886d854c2069a0d47703"},{"guid":"9541a07e-875b-4c8c-a07a-723d6d97816e","type":"home","day":null,"starttime":"2025-12-31 14:00:00","endtime":"2025-12-31 15:00:00","count":0,"centerid":"676e886d854c2069a0d47703"},{"guid":"f77d6924-7a82-4e27-a1f2-fad7fa41be50","type":"home","day":null,"starttime":"2025-12-31 15:00:00","endtime":"2025-12-31 16:00:00","count":0,"centerid":"676e886d854c2069a0d47703"},{"guid":"896da3e4-0852-479a-9471-a83608e46594","type":"home","day":null,"starttime":"2025-12-31 16:00:00","endtime":"2025-12-31 17:00:00","count":0,"centerid":"676e886d854c2069a0d47703"},{"guid":"8a6157cf-714a-480c-8562-8118c91dbe1e","type":"home","day":null,"starttime":"2025-12-31 17:00:00","endtime":"2025-12-31 18:00:00","count":27,"centerid":"676e886d854c2069a0d47703"},{"guid":"34a7da1f-cd77-4cf5-b016-f921afb50206","type":"home","day":null,"starttime":"2025-12-31 18:00:00","endtime":"2025-12-31 19:00:00","count":29,"centerid":"676e886d854c2069a0d47703"},{"guid":"9cde88b4-9ae4-4c82-a7d9-c714dbc1f881","type":"home","day":null,"starttime":"2025-12-31 19:00:00","endtime":"2025-12-31 20:00:00","count":30,"centerid":"676e886d854c2069a0d47703"},{"guid":"5d739ed3-f3f3-4198-936f-bfba1ced1691","type":"home","day":null,"starttime":"2025-12-31 20:00:00","endtime":"2025-12-31 21:00:00","count":30,"centerid":"676e886d854c2069a0d47703"},{"guid":"f5935f76-f39f-42c8-adb3-101116052ff9","type":"home","day":null,"starttime":"2025-12-31 21:00:00","endtime":"2025-12-31 22:00:00","count":28,"centerid":"676e886d854c2069a0d47703"},{"guid":"da2b11bf-d24a-4017-b59b-53f7a722bd21","type":"home","day":null,"starttime":"2025-12-31 22:00:00","endtime":"2025-12-31 23:00:00","count":27,"centerid":"676e886d854c2069a0d47703"}]}
--- End Slot Search ---
   ? Found Slot: 2025-12-31 17:00:00 - 2025-12-31 18:00:00

? UPDATING CART WITH SLOT...
Request method:	POST
Request URI:	https://dev-api-yodadiagnostics.yodaprojects.com/carts/v2/addCart
Proxy:			<none>
Request params:	<none>
Query params:	<none>
Form params:	<none>
Path params:	<none>
Headers:		Authorization=eyJhbGciOiJIUzI1NiIsInR5cCI6IkpXVCJ9.eyJ1c2VyR3VpZCI6ImRiNjgyYWJiLTMxZDEtNDRkZi1iZjE5LTU1N2IwMDNhNWM2OSIsIm1vYmlsZSI6Ijk2NjY2NjY2NjUiLCJmaXJzdF9uYW1lIjoiUmFuaml0aCIsImxhc3RfbmFtZSI6Imt1bWFyIiwiZW1haWwiOiIiLCJyb2xlIjoidXNlcl9vbmx5IiwiaWF0IjoxNzY3MTc2MjM4LCJleHAiOjE3ODI5NjI0Nzh9.8j0OGyEplwYEX4oEYFXswKDlylwuoAcgkI6zT66DDuU
				Accept=*/*
				Content-Type=application/json
Cookies:		<none>
Multiparts:		<none>
Body:
{
    "user_id": "db682abb-31d1-44df-bf19-557b003a5c69",
    "slot_guid": "8a6157cf-714a-480c-8562-8118c91dbe1e",
    "address_id": "471",
    "lab_location_id": "64870066842708a0d5ae6c77",
    "product_details": [
        {
            "quantity": 1,
            "product_id": "675921b2ba6f16b8c0d7bee4",
            "type": "home",
            "location_id": "64870066842708a0d5ae6c77",
            "brand_id": "efb159ac-db7c-4b06-a79b-021a8b6d67e8",
            "family_member_id": [
                "db682abb-31d1-44df-bf19-557b003a5c69"
            ]
        },
        {
            "quantity": 1,
            "product_id": "675921110856fe1e1e992d5a",
            "type": "home",
            "location_id": "64870066842708a0d5ae6c77",
            "brand_id": "efb159ac-db7c-4b06-a79b-021a8b6d67e8",
            "family_member_id": [
                "db682abb-31d1-44df-bf19-557b003a5c69"
            ]
        }
    ],
    "order_type": "home"
}

--- ? PERFORMANCE STATS ---
   Method  : POST
   Endpoint: /carts/v2/addCart
   Time    : ? 81 ms
----------------------------

Update Cart Response Body: {"status":500,"success":false,"msg":"invalid input syntax for type uuid: \"471\""}
[ERROR] Tests run: 19, Failures: 3, Errors: 0, Skipped: 0, Time elapsed: 21.58 s <<< FAILURE! -- in TestSuite
[ERROR] com.mryoda.diagnostics.api.tests.CreateOrderCODAPITest.testCOD_Flow_ForNewUser -- Time elapsed: 0.824 s <<< FAILURE!
java.lang.AssertionError: ? Update Cart with Slot HTTP 200 mismatch ù expected: 200 but found: 500
	at com.mryoda.diagnostics.api.utils.AssertionUtil.verifyEquals(AssertionUtil.java:84)
	at com.mryoda.diagnostics.api.tests.CreateOrderCODAPITest.updateCartWithSlot(CreateOrderCODAPITest.java:1009)
	at com.mryoda.diagnostics.api.tests.CreateOrderCODAPITest.executeCODFlow(CreateOrderCODAPITest.java:1102)
	at com.mryoda.diagnostics.api.tests.CreateOrderCODAPITest.testCOD_Flow_ForNewUser(CreateOrderCODAPITest.java:1018)
	at java.base/jdk.internal.reflect.NativeMethodAccessorImpl.invoke0(Native Method)
	at java.base/jdk.internal.reflect.NativeMethodAccessorImpl.invoke(NativeMethodAccessorImpl.java:77)
	at java.base/jdk.internal.reflect.DelegatingMethodAccessorImpl.invoke(DelegatingMethodAccessorImpl.java:43)
	at java.base/java.lang.reflect.Method.invoke(Method.java:568)
	at org.testng.internal.invokers.MethodInvocationHelper.invokeMethod(MethodInvocationHelper.java:139)
	at org.testng.internal.invokers.TestInvoker.invokeMethod(TestInvoker.java:664)
	at org.testng.internal.invokers.TestInvoker.invokeTestMethod(TestInvoker.java:227)
	at org.testng.internal.invokers.MethodRunner.runInSequence(MethodRunner.java:50)
	at org.testng.internal.invokers.TestInvoker$MethodInvocationAgent.invoke(TestInvoker.java:957)
	at org.testng.internal.invokers.TestInvoker.invokeTestMethods(TestInvoker.java:200)
	at org.testng.internal.invokers.TestMethodWorker.invokeTestMethods(TestMethodWorker.java:148)
	at org.testng.internal.invokers.TestMethodWorker.run(TestMethodWorker.java:128)
	at java.base/java.util.ArrayList.forEach(ArrayList.java:1511)
	at org.testng.TestRunner.privateRun(TestRunner.java:848)
	at org.testng.TestRunner.run(TestRunner.java:621)
	at org.testng.SuiteRunner.runTest(SuiteRunner.java:443)
	at org.testng.SuiteRunner.runSequentially(SuiteRunner.java:437)
	at org.testng.SuiteRunner.privateRun(SuiteRunner.java:397)
	at org.testng.SuiteRunner.run(SuiteRunner.java:336)
	at org.testng.SuiteRunnerWorker.runSuite(SuiteRunnerWorker.java:52)
	at org.testng.SuiteRunnerWorker.run(SuiteRunnerWorker.java:95)
	at org.testng.TestNG.runSuitesSequentially(TestNG.java:1280)
	at org.testng.TestNG.runSuitesLocally(TestNG.java:1200)
	at org.testng.TestNG.runSuites(TestNG.java:1114)
	at org.testng.TestNG.run(TestNG.java:1082)
	at org.apache.maven.surefire.testng.TestNGExecutor.run(TestNGExecutor.java:308)
	at org.apache.maven.surefire.testng.TestNGXmlTestSuite.execute(TestNGXmlTestSuite.java:71)
	at org.apache.maven.surefire.testng.TestNGProvider.invoke(TestNGProvider.java:113)
	at org.apache.maven.surefire.booter.ForkedBooter.runSuitesInProcess(ForkedBooter.java:385)
	at org.apache.maven.surefire.booter.ForkedBooter.execute(ForkedBooter.java:162)
	at org.apache.maven.surefire.booter.ForkedBooter.run(ForkedBooter.java:507)
	at org.apache.maven.surefire.booter.ForkedBooter.main(ForkedBooter.java:495)

[ERROR] com.mryoda.diagnostics.api.tests.CreateOrderCODAPITest.testCOD_Flow_ForMember -- Time elapsed: 1.095 s <<< FAILURE!
java.lang.AssertionError: ? Update Cart with Slot HTTP 200 mismatch ù expected: 200 but found: 500
	at com.mryoda.diagnostics.api.utils.AssertionUtil.verifyEquals(AssertionUtil.java:84)
	at com.mryoda.diagnostics.api.tests.CreateOrderCODAPITest.updateCartWithSlot(CreateOrderCODAPITest.java:1009)
	at com.mryoda.diagnostics.api.tests.CreateOrderCODAPITest.executeCODFlow(CreateOrderCODAPITest.java:1102)
	at com.mryoda.diagnostics.api.tests.CreateOrderCODAPITest.testCOD_Flow_ForMember(CreateOrderCODAPITest.java:1031)
	at java.base/jdk.internal.reflect.NativeMethodAccessorImpl.invoke0(Native Method)
	at java.base/jdk.internal.reflect.NativeMethodAccessorImpl.invoke(NativeMethodAccessorImpl.java:77)
	at java.base/jdk.internal.reflect.DelegatingMethodAccessorImpl.invoke(DelegatingMethodAccessorImpl.java:43)
	at java.base/java.lang.reflect.Method.invoke(Method.java:568)
	at org.testng.internal.invokers.MethodInvocationHelper.invokeMethod(MethodInvocationHelper.java:139)
	at org.testng.internal.invokers.TestInvoker.invokeMethod(TestInvoker.java:664)
	at org.testng.internal.invokers.TestInvoker.invokeTestMethod(TestInvoker.java:227)
	at org.testng.internal.invokers.MethodRunner.runInSequence(MethodRunner.java:50)
	at org.testng.internal.invokers.TestInvoker$MethodInvocationAgent.invoke(TestInvoker.java:957)
	at org.testng.internal.invokers.TestInvoker.invokeTestMethods(TestInvoker.java:200)
	at org.testng.internal.invokers.TestMethodWorker.invokeTestMethods(TestMethodWorker.java:148)
	at org.testng.internal.invokers.TestMethodWorker.run(TestMethodWorker.java:128)
	at java.base/java.util.ArrayList.forEach(ArrayList.java:1511)
	at org.testng.TestRunner.privateRun(TestRunner.java:848)
	at org.testng.TestRunner.run(TestRunner.java:621)
	at org.testng.SuiteRunner.runTest(SuiteRunner.java:443)
	at org.testng.SuiteRunner.runSequentially(SuiteRunner.java:437)
	at org.testng.SuiteRunner.privateRun(SuiteRunner.java:397)
	at org.testng.SuiteRunner.run(SuiteRunner.java:336)
	at org.testng.SuiteRunnerWorker.runSuite(SuiteRunnerWorker.java:52)
	at org.testng.SuiteRunnerWorker.run(SuiteRunnerWorker.java:95)
	at org.testng.TestNG.runSuitesSequentially(TestNG.java:1280)
	at org.testng.TestNG.runSuitesLocally(TestNG.java:1200)
	at org.testng.TestNG.runSuites(TestNG.java:1114)
	at org.testng.TestNG.run(TestNG.java:1082)
	at org.apache.maven.surefire.testng.TestNGExecutor.run(TestNGExecutor.java:308)
	at org.apache.maven.surefire.testng.TestNGXmlTestSuite.execute(TestNGXmlTestSuite.java:71)
	at org.apache.maven.surefire.testng.TestNGProvider.invoke(TestNGProvider.java:113)
	at org.apache.maven.surefire.booter.ForkedBooter.runSuitesInProcess(ForkedBooter.java:385)
	at org.apache.maven.surefire.booter.ForkedBooter.execute(ForkedBooter.java:162)
	at org.apache.maven.surefire.booter.ForkedBooter.run(ForkedBooter.java:507)
	at org.apache.maven.surefire.booter.ForkedBooter.main(ForkedBooter.java:495)

[ERROR] com.mryoda.diagnostics.api.tests.CreateOrderCODAPITest.testCOD_Flow_ForNonMember -- Time elapsed: 1.057 s <<< FAILURE!
java.lang.AssertionError: ? Update Cart with Slot HTTP 200 mismatch ù expected: 200 but found: 500
	at com.mryoda.diagnostics.api.utils.AssertionUtil.verifyEquals(AssertionUtil.java:84)
	at com.mryoda.diagnostics.api.tests.CreateOrderCODAPITest.updateCartWithSlot(CreateOrderCODAPITest.java:1009)
	at com.mryoda.diagnostics.api.tests.CreateOrderCODAPITest.executeCODFlow(CreateOrderCODAPITest.java:1102)
	at com.mryoda.diagnostics.api.tests.CreateOrderCODAPITest.testCOD_Flow_ForNonMember(CreateOrderCODAPITest.java:1044)
	at java.base/jdk.internal.reflect.NativeMethodAccessorImpl.invoke0(Native Method)
	at java.base/jdk.internal.reflect.NativeMethodAccessorImpl.invoke(NativeMethodAccessorImpl.java:77)
	at java.base/jdk.internal.reflect.DelegatingMethodAccessorImpl.invoke(DelegatingMethodAccessorImpl.java:43)
	at java.base/java.lang.reflect.Method.invoke(Method.java:568)
	at org.testng.internal.invokers.MethodInvocationHelper.invokeMethod(MethodInvocationHelper.java:139)
	at org.testng.internal.invokers.TestInvoker.invokeMethod(TestInvoker.java:664)
	at org.testng.internal.invokers.TestInvoker.invokeTestMethod(TestInvoker.java:227)
	at org.testng.internal.invokers.MethodRunner.runInSequence(MethodRunner.java:50)
	at org.testng.internal.invokers.TestInvoker$MethodInvocationAgent.invoke(TestInvoker.java:957)
	at org.testng.internal.invokers.TestInvoker.invokeTestMethods(TestInvoker.java:200)
	at org.testng.internal.invokers.TestMethodWorker.invokeTestMethods(TestMethodWorker.java:148)
	at org.testng.internal.invokers.TestMethodWorker.run(TestMethodWorker.java:128)
	at java.base/java.util.ArrayList.forEach(ArrayList.java:1511)
	at org.testng.TestRunner.privateRun(TestRunner.java:848)
	at org.testng.TestRunner.run(TestRunner.java:621)
	at org.testng.SuiteRunner.runTest(SuiteRunner.java:443)
	at org.testng.SuiteRunner.runSequentially(SuiteRunner.java:437)
	at org.testng.SuiteRunner.privateRun(SuiteRunner.java:397)
	at org.testng.SuiteRunner.run(SuiteRunner.java:336)
	at org.testng.SuiteRunnerWorker.runSuite(SuiteRunnerWorker.java:52)
	at org.testng.SuiteRunnerWorker.run(SuiteRunnerWorker.java:95)
	at org.testng.TestNG.runSuitesSequentially(TestNG.java:1280)
	at org.testng.TestNG.runSuitesLocally(TestNG.java:1200)
	at org.testng.TestNG.runSuites(TestNG.java:1114)
	at org.testng.TestNG.run(TestNG.java:1082)
	at org.apache.maven.surefire.testng.TestNGExecutor.run(TestNGExecutor.java:308)
	at org.apache.maven.surefire.testng.TestNGXmlTestSuite.execute(TestNGXmlTestSuite.java:71)
	at org.apache.maven.surefire.testng.TestNGProvider.invoke(TestNGProvider.java:113)
	at org.apache.maven.surefire.booter.ForkedBooter.runSuitesInProcess(ForkedBooter.java:385)
	at org.apache.maven.surefire.booter.ForkedBooter.execute(ForkedBooter.java:162)
	at org.apache.maven.surefire.booter.ForkedBooter.run(ForkedBooter.java:507)
	at org.apache.maven.surefire.booter.ForkedBooter.main(ForkedBooter.java:495)

[INFO] 
[INFO] Results:
[INFO] 
[ERROR] Failures: 
[ERROR]   CreateOrderCODAPITest.testCOD_Flow_ForMember:1031->executeCODFlow:1102->updateCartWithSlot:1009 ? Update Cart with Slot HTTP 200 mismatch ù expected: 200 but found: 500
[ERROR]   CreateOrderCODAPITest.testCOD_Flow_ForNewUser:1018->executeCODFlow:1102->updateCartWithSlot:1009 ? Update Cart with Slot HTTP 200 mismatch ù expected: 200 but found: 500
[ERROR]   CreateOrderCODAPITest.testCOD_Flow_ForNonMember:1044->executeCODFlow:1102->updateCartWithSlot:1009 ? Update Cart with Slot HTTP 200 mismatch ù expected: 200 but found: 500
[INFO] 
[ERROR] Tests run: 19, Failures: 3, Errors: 0, Skipped: 0
[INFO] 
[INFO] ------------------------------------------------------------------------
[INFO] BUILD FAILURE
[INFO] ------------------------------------------------------------------------
[INFO] Total time:  27.067 s
[INFO] Finished at: 2025-12-31T15:47:32+05:30
[INFO] ------------------------------------------------------------------------
[ERROR] Failed to execute goal org.apache.maven.plugins:maven-surefire-plugin:3.1.2:test (default-test) on project MrYodaAPINew: There are test failures.
[ERROR] 
[ERROR] Please refer to C:\Users\RANJITH\Pictures\MrYodaAPINew\target\surefire-reports for the individual test results.
[ERROR] Please refer to dump files (if any exist) [date].dump, [date]-jvmRun[N].dump and [date].dumpstream.
[ERROR] -> [Help 1]
[ERROR] 
[ERROR] To see the full stack trace of the errors, re-run Maven with the -e switch.
[ERROR] Re-run Maven using the -X switch to enable full debug logging.
[ERROR] 
[ERROR] For more information about the errors and possible solutions, please read the following articles:
[ERROR] [Help 1] http://cwiki.apache.org/confluence/display/MAVEN/MojoFailureException
