[2025-12-26 23:24:03.301] POST   | /otps/getOtp                                                                                                             |   555 ms | Status: PASS
[2025-12-26 23:24:03.416] POST   | /otps/getOtp                                                                                                             |    91 ms | Status: PASS
[2025-12-26 23:24:04.288] POST   | /tests/getlocations                                                                                                      |    73 ms | Status: PASS
[2025-12-26 23:24:05.396] GET    | https://dev-api-yodamembership.yodaprojects.com/brand/getAllBrands                                                       |   121 ms | Status: PASS
[2025-12-26 23:24:06.118] POST   | tests/adminTests                                                                                                         |   444 ms | Status: PASS
[2025-12-26 23:24:06.500] POST   | tests/adminTests                                                                                                         |   333 ms | Status: PASS
[2025-12-26 23:24:06.727] POST   | tests/adminTests                                                                                                         |   200 ms | Status: PASS
[2025-12-26 23:24:06.821] POST   | /carts/v2/addCart                                                                                                        |    71 ms | Status: PASS
[2025-12-26 23:24:06.913] POST   | /carts/v2/addCart                                                                                                        |    82 ms | Status: PASS
[2025-12-26 23:24:07.028] POST   | /address/addAddress                                                                                                      |    68 ms | Status: PASS
[2025-12-26 23:24:07.138] POST   | /slot/getSlotCountByTime                                                                                                 |    91 ms | Status: PASS
[2025-12-26 23:24:07.285] POST   | /slot/getSlotCountByTime                                                                                                 |   104 ms | Status: PASS
[2025-12-26 23:24:07.387] POST   | /carts/v2/addCart                                                                                                        |    80 ms | Status: PASS
[2025-12-26 23:24:07.663] GET    | /carts/v2/getCartById/6a7b0214-b5f0-4e9b-b6c4-cd6123898ed3                                                               |   209 ms | Status: PASS
[2025-12-26 23:24:08.924] POST   | /gateway/v2/CreateOrder                                                                                                  |   223 ms | Status: PASS
[2025-12-26 23:29:21.320] POST   | /otps/getOtp                                                                                                             |  1527 ms | Status: PASS
[2025-12-26 23:29:21.599] POST   | /otps/getOtp                                                                                                             |   247 ms | Status: PASS
[2025-12-26 23:29:23.517] POST   | /tests/getlocations                                                                                                      |   123 ms | Status: PASS
[2025-12-26 23:29:26.277] GET    | https://dev-api-yodamembership.yodaprojects.com/brand/getAllBrands                                                       |   172 ms | Status: PASS
[2025-12-26 23:29:27.734] POST   | tests/adminTests                                                                                                         |   558 ms | Status: PASS
[2025-12-26 23:29:28.093] POST   | tests/adminTests                                                                                                         |   272 ms | Status: PASS
[2025-12-26 23:29:28.342] POST   | tests/adminTests                                                                                                         |   210 ms | Status: PASS
[2025-12-26 23:29:28.484] POST   | /carts/v2/addCart                                                                                                        |   102 ms | Status: PASS
[2025-12-26 23:29:28.590] POST   | /carts/v2/addCart                                                                                                        |    88 ms | Status: PASS
[2025-12-26 23:29:28.792] POST   | /address/addAddress                                                                                                      |   109 ms | Status: PASS
[2025-12-26 23:29:28.964] POST   | /slot/getSlotCountByTime                                                                                                 |   134 ms | Status: PASS
[2025-12-26 23:29:29.158] POST   | /slot/getSlotCountByTime                                                                                                 |   118 ms | Status: PASS
[2025-12-26 23:29:29.292] POST   | /carts/v2/addCart                                                                                                        |    84 ms | Status: PASS
[2025-12-26 23:29:29.636] GET    | /carts/v2/getCartById/6a7b0214-b5f0-4e9b-b6c4-cd6123898ed3                                                               |   251 ms | Status: PASS
[2025-12-26 23:29:31.781] POST   | /gateway/v2/CreateOrder                                                                                                  |   287 ms | Status: PASS
[2025-12-26 23:31:11.344] POST   | /otps/getOtp                                                                                                             |   997 ms | Status: PASS
[2025-12-26 23:31:11.629] POST   | /otps/getOtp                                                                                                             |   258 ms | Status: PASS
[2025-12-26 23:35:47.513] POST   | /otps/getOtp                                                                                                             |   886 ms | Status: PASS
[2025-12-26 23:35:47.651] POST   | /otps/getOtp                                                                                                             |   119 ms | Status: PASS
[2025-12-26 23:35:49.291] POST   | /tests/getlocations                                                                                                      |   212 ms | Status: PASS
[2025-12-26 23:35:51.064] GET    | https://dev-api-yodamembership.yodaprojects.com/brand/getAllBrands                                                       |   117 ms | Status: PASS
[2025-12-26 23:35:52.250] POST   | tests/adminTests                                                                                                         |   424 ms | Status: PASS
[2025-12-26 23:35:52.570] POST   | tests/adminTests                                                                                                         |   244 ms | Status: PASS
[2025-12-26 23:35:52.838] POST   | tests/adminTests                                                                                                         |   230 ms | Status: PASS
[2025-12-26 23:35:52.991] POST   | /carts/v2/addCart                                                                                                        |   114 ms | Status: PASS
[2025-12-26 23:35:53.117] POST   | /carts/v2/addCart                                                                                                        |   104 ms | Status: PASS
[2025-12-26 23:35:53.335] POST   | /address/addAddress                                                                                                      |   102 ms | Status: PASS
[2025-12-26 23:35:53.498] POST   | /slot/getSlotCountByTime                                                                                                 |   126 ms | Status: PASS
[2025-12-26 23:35:53.631] POST   | /slot/getSlotCountByTime                                                                                                 |    94 ms | Status: PASS
[2025-12-26 23:35:53.774] POST   | /carts/v2/addCart                                                                                                        |    82 ms | Status: PASS
[2025-12-26 23:35:54.126] GET    | /carts/v2/getCartById/6a7b0214-b5f0-4e9b-b6c4-cd6123898ed3                                                               |   269 ms | Status: PASS
[2025-12-26 23:35:56.232] POST   | /gateway/v2/CreateOrder                                                                                                  |   243 ms | Status: PASS
[2025-12-27 15:10:13.762] POST   | /otps/getOtp                                                                                                             |  2048 ms | Status: PASS
[2025-12-27 15:10:14.721] POST   | /otps/getOtp                                                                                                             |   927 ms | Status: PASS
[2025-12-29 14:48:32.678] POST   | /otps/getOtp                                                                                                             |   747 ms | Status: PASS
[2025-12-29 14:48:32.880] POST   | /otps/getOtp                                                                                                             |   162 ms | Status: PASS
[2025-12-29 14:55:50.015] POST   | /otps/getOtp                                                                                                             |  1780 ms | Status: PASS
[2025-12-29 14:55:50.248] POST   | /otps/getOtp                                                                                                             |   180 ms | Status: PASS
[2025-12-29 15:02:41.487] POST   | /otps/getOtp                                                                                                             |   639 ms | Status: PASS
[2025-12-29 15:02:41.666] POST   | /otps/getOtp                                                                                                             |   149 ms | Status: PASS
[2025-12-29 15:09:03.955] POST   | /otps/getOtp                                                                                                             |  3898 ms | Status: FAIL (SLA Violation)
[2025-12-29 15:13:19.971] POST   | /otps/getOtp                                                                                                             |   603 ms | Status: PASS
[2025-12-29 15:13:20.089] POST   | /otps/getOtp                                                                                                             |   102 ms | Status: PASS
[2025-12-29 15:20:47.050] POST   | /otps/getOtp                                                                                                             |   731 ms | Status: PASS
[2025-12-29 15:20:47.172] POST   | /otps/getOtp                                                                                                             |   102 ms | Status: PASS
[2025-12-29 16:28:01.343] POST   | /otps/getOtp                                                                                                             |   119 ms | Status: PASS
[2025-12-29 16:28:01.580] POST   | /otps/getOtp                                                                                                             |   203 ms | Status: PASS
[2025-12-29 16:33:42.107] POST   | /otps/getOtp                                                                                                             |    76 ms | Status: PASS
[2025-12-29 16:33:42.289] POST   | /otps/getOtp                                                                                                             |   145 ms | Status: PASS
[2025-12-29 17:53:23.694] POST   | /otps/getOtp                                                                                                             |   696 ms | Status: PASS
[2025-12-29 17:53:23.862] POST   | /otps/getOtp                                                                                                             |   135 ms | Status: PASS
[2025-12-29 18:00:14.247] POST   | /otps/getOtp                                                                                                             |    96 ms | Status: PASS
[2025-12-29 18:00:14.368] POST   | /otps/getOtp                                                                                                             |    92 ms | Status: PASS
[2025-12-29 18:01:32.062] POST   | /otps/getOtp                                                                                                             |   157 ms | Status: PASS
[2025-12-29 18:01:32.281] POST   | /otps/getOtp                                                                                                             |   173 ms | Status: PASS
[2025-12-29 18:03:07.418] POST   | /otps/getOtp                                                                                                             |   180 ms | Status: PASS
[2025-12-29 18:03:07.637] POST   | /otps/getOtp                                                                                                             |   168 ms | Status: PASS
[2025-12-29 18:05:40.744] POST   | /otps/getOtp                                                                                                             |   148 ms | Status: PASS
[2025-12-29 18:05:40.894] POST   | /otps/getOtp                                                                                                             |   113 ms | Status: PASS
[2025-12-29 18:07:53.474] POST   | /otps/getOtp                                                                                                             |    88 ms | Status: PASS
[2025-12-29 18:07:53.683] POST   | /otps/getOtp                                                                                                             |   173 ms | Status: PASS
[2025-12-29 18:09:35.301] POST   | /otps/getOtp                                                                                                             |    92 ms | Status: PASS
[2025-12-29 18:09:35.474] POST   | /otps/getOtp                                                                                                             |   151 ms | Status: PASS
[2025-12-29 18:11:20.934] POST   | /otps/getOtp                                                                                                             |    95 ms | Status: PASS
[2025-12-29 18:11:21.073] POST   | /otps/getOtp                                                                                                             |   117 ms | Status: PASS
[2025-12-29 18:22:47.788] POST   | /otps/getOtp                                                                                                             |    98 ms | Status: PASS
[2025-12-29 18:22:47.938] POST   | /otps/getOtp                                                                                                             |   117 ms | Status: PASS
[2025-12-29 18:26:25.937] POST   | /otps/getOtp                                                                                                             |   110 ms | Status: PASS
[2025-12-29 18:26:26.101] POST   | /otps/getOtp                                                                                                             |   127 ms | Status: PASS
[2025-12-29 18:27:36.285] POST   | /otps/getOtp                                                                                                             |   238 ms | Status: PASS
[2025-12-29 18:27:36.446] POST   | /otps/getOtp                                                                                                             |   145 ms | Status: PASS
[2025-12-29 18:38:21.147] POST   | /otps/getOtp                                                                                                             |  1922 ms | Status: PASS
[2025-12-29 18:38:21.576] POST   | /otps/getOtp                                                                                                             |   378 ms | Status: PASS
[2025-12-29 19:20:38.694] POST   | /otps/getOtp                                                                                                             |   620 ms | Status: PASS
[2025-12-29 19:20:38.991] POST   | /otps/getOtp                                                                                                             |   268 ms | Status: PASS
[2025-12-29 19:22:23.433] POST   | /otps/getOtp                                                                                                             |   211 ms | Status: PASS
[2025-12-29 19:22:24.538] POST   | /otps/getOtp                                                                                                             |  1081 ms | Status: PASS
[2025-12-29 19:27:36.085] POST   | /otps/getOtp                                                                                                             |   248 ms | Status: PASS
[2025-12-29 19:27:36.387] POST   | /otps/getOtp                                                                                                             |   285 ms | Status: PASS
[2025-12-29 19:33:24.217] POST   | /otps/getOtp                                                                                                             |   168 ms | Status: PASS
[2025-12-29 19:33:24.413] POST   | /otps/getOtp                                                                                                             |   167 ms | Status: PASS
[2025-12-29 19:37:28.188] POST   | /otps/getOtp                                                                                                             |   592 ms | Status: PASS
[2025-12-29 19:37:28.401] POST   | /otps/getOtp                                                                                                             |   179 ms | Status: PASS
[2025-12-29 19:39:02.382] POST   | /otps/getOtp                                                                                                             |   147 ms | Status: PASS
[2025-12-29 19:39:02.557] POST   | /otps/getOtp                                                                                                             |   150 ms | Status: PASS
[2025-12-29 19:44:56.462] POST   | /otps/getOtp                                                                                                             |   133 ms | Status: PASS
[2025-12-29 19:44:56.664] POST   | /otps/getOtp                                                                                                             |   183 ms | Status: PASS
[2025-12-29 19:46:27.391] POST   | /otps/getOtp                                                                                                             |   100 ms | Status: PASS
[2025-12-29 19:48:02.632] POST   | /otps/getOtp                                                                                                             |   126 ms | Status: PASS
[2025-12-29 19:54:57.381] POST   | /otps/getOtp                                                                                                             |    90 ms | Status: PASS
[2025-12-29 19:57:18.784] POST   | /otps/getOtp                                                                                                             |   125 ms | Status: PASS
[2025-12-29 19:57:19.000] POST   | /otps/getOtp                                                                                                             |   197 ms | Status: PASS
[2025-12-29 20:00:32.768] POST   | /otps/getOtp                                                                                                             |   125 ms | Status: PASS
[2025-12-29 20:00:32.907] POST   | /otps/getOtp                                                                                                             |   111 ms | Status: PASS
[2025-12-29 20:01:44.818] POST   | /otps/getOtp                                                                                                             |   124 ms | Status: PASS
[2025-12-29 20:01:45.029] POST   | /otps/getOtp                                                                                                             |   177 ms | Status: PASS
[2025-12-29 21:48:33.908] POST   | /otps/getOtp                                                                                                             |    88 ms | Status: PASS
[2025-12-29 21:48:34.023] POST   | /otps/getOtp                                                                                                             |    86 ms | Status: PASS
[2025-12-29 22:02:20.368] POST   | /otps/getOtp                                                                                                             |   215 ms | Status: PASS
[2025-12-29 22:02:20.501] POST   | /otps/getOtp                                                                                                             |    97 ms | Status: PASS
[2025-12-29 22:03:57.577] POST   | /otps/getOtp                                                                                                             |   141 ms | Status: PASS
[2025-12-29 22:03:58.167] POST   | /otps/getOtp                                                                                                             |   526 ms | Status: PASS
[2025-12-29 22:07:05.779] POST   | /otps/getOtp                                                                                                             |   453 ms | Status: PASS
[2025-12-29 22:07:06.287] POST   | /otps/getOtp                                                                                                             |   477 ms | Status: PASS
[2025-12-29 22:13:11.540] POST   | /otps/getOtp                                                                                                             |   623 ms | Status: PASS
[2025-12-29 22:13:11.684] POST   | /otps/getOtp                                                                                                             |   115 ms | Status: PASS
[2025-12-29 22:13:12.496] POST   | /tests/getlocations                                                                                                      |    76 ms | Status: PASS
[2025-12-29 22:13:13.493] GET    | https://dev-api-yodamembership.yodaprojects.com/brand/getAllBrands                                                       |   104 ms | Status: PASS
[2025-12-29 22:13:14.365] POST   | tests/adminTests                                                                                                         |   551 ms | Status: PASS
[2025-12-29 22:13:14.845] POST   | tests/adminTests                                                                                                         |   449 ms | Status: PASS
[2025-12-29 22:13:15.169] POST   | tests/adminTests                                                                                                         |   300 ms | Status: PASS
[2025-12-29 22:13:15.416] POST   | /carts/v2/addCart                                                                                                        |   217 ms | Status: PASS
[2025-12-29 22:13:15.579] POST   | /carts/v2/addCart                                                                                                        |   152 ms | Status: PASS
[2025-12-29 22:13:15.746] POST   | /address/addAddress                                                                                                      |   113 ms | Status: PASS
[2025-12-29 22:13:15.920] GET    | /address/getAddressByUserId/6a7b0214-b5f0-4e9b-b6c4-cd6123898ed3                                                         |   159 ms | Status: PASS
[2025-12-29 22:13:16.100] POST   | /slot/getCentersByadd                                                                                                    |   107 ms | Status: PASS
[2025-12-29 22:13:16.284] POST   | /slot/getSlotCountByTime                                                                                                 |   149 ms | Status: PASS
[2025-12-29 22:13:16.573] POST   | /slot/getSlotCountByTime                                                                                                 |   257 ms | Status: PASS
[2025-12-29 22:13:16.724] POST   | /carts/v2/addCart                                                                                                        |   136 ms | Status: PASS
[2025-12-29 22:13:17.141] GET    | /carts/v2/getCartById/6a7b0214-b5f0-4e9b-b6c4-cd6123898ed3                                                               |   315 ms | Status: PASS
[2025-12-29 22:13:19.115] POST   | /gateway/v2/CreateOrder                                                                                                  |   973 ms | Status: PASS
[2025-12-29 22:16:46.695] POST   | /otps/getOtp                                                                                                             |   585 ms | Status: PASS
[2025-12-29 22:16:46.884] POST   | /otps/getOtp                                                                                                             |   166 ms | Status: PASS
[2025-12-29 22:19:26.653] POST   | /otps/getOtp                                                                                                             |   256 ms | Status: PASS
[2025-12-29 22:19:26.900] POST   | /otps/getOtp                                                                                                             |   221 ms | Status: PASS
[2025-12-29 22:30:32.905] POST   | /otps/getOtp                                                                                                             |   637 ms | Status: PASS
[2025-12-29 22:30:33.114] POST   | /otps/getOtp                                                                                                             |   185 ms | Status: PASS
[2025-12-29 22:44:45.796] POST   | /otps/getOtp                                                                                                             |   414 ms | Status: PASS
[2025-12-29 22:44:46.085] POST   | /otps/getOtp                                                                                                             |   252 ms | Status: PASS
[2025-12-29 22:50:25.244] POST   | /otps/getOtp                                                                                                             |   155 ms | Status: PASS
[2025-12-29 22:50:25.559] POST   | /otps/getOtp                                                                                                             |   279 ms | Status: PASS
[2025-12-29 22:53:07.586] POST   | /otps/getOtp                                                                                                             |   291 ms | Status: PASS
[2025-12-29 22:53:08.102] POST   | /otps/getOtp                                                                                                             |   467 ms | Status: PASS
[2025-12-29 22:55:13.089] POST   | /otps/getOtp                                                                                                             |   139 ms | Status: PASS
[2025-12-29 22:55:13.323] POST   | /otps/getOtp                                                                                                             |   200 ms | Status: PASS
[2025-12-29 23:02:56.558] POST   | /otps/getOtp                                                                                                             |   512 ms | Status: PASS
[2025-12-29 23:02:57.084] POST   | /otps/getOtp                                                                                                             |   501 ms | Status: PASS
[2025-12-29 23:06:23.058] POST   | /otps/getOtp                                                                                                             |   541 ms | Status: PASS
[2025-12-29 23:06:23.370] POST   | /otps/getOtp                                                                                                             |   282 ms | Status: PASS
[2025-12-30 14:27:57.193] POST   | /otps/getOtp                                                                                                             |   100 ms | Status: PASS
[2025-12-30 14:27:57.377] POST   | /otps/getOtp                                                                                                             |   162 ms | Status: PASS
[2025-12-30 14:32:56.183] POST   | /otps/getOtp                                                                                                             |   115 ms | Status: PASS
[2025-12-30 14:32:56.319] POST   | /otps/getOtp                                                                                                             |   113 ms | Status: PASS
[2025-12-30 14:40:28.631] POST   | /otps/getOtp                                                                                                             |   107 ms | Status: PASS
[2025-12-30 14:40:28.776] POST   | /otps/getOtp                                                                                                             |   125 ms | Status: PASS
[2025-12-30 14:42:01.188] POST   | /otps/getOtp                                                                                                             |    86 ms | Status: PASS
[2025-12-30 14:42:01.311] POST   | /otps/getOtp                                                                                                             |   106 ms | Status: PASS
[2025-12-30 14:44:19.631] POST   | /otps/getOtp                                                                                                             |   111 ms | Status: PASS
[2025-12-30 14:44:19.836] POST   | /otps/getOtp                                                                                                             |   167 ms | Status: PASS
[2025-12-30 14:45:18.170] POST   | /otps/getOtp                                                                                                             |   101 ms | Status: PASS
[2025-12-30 14:45:18.348] POST   | /otps/getOtp                                                                                                             |   156 ms | Status: PASS
[2025-12-30 14:46:09.799] POST   | /otps/getOtp                                                                                                             |   102 ms | Status: PASS
[2025-12-30 14:46:09.923] POST   | /otps/getOtp                                                                                                             |   101 ms | Status: PASS
[2025-12-30 14:49:31.875] POST   | /otps/getOtp                                                                                                             |    96 ms | Status: PASS
[2025-12-30 14:49:32.016] POST   | /otps/getOtp                                                                                                             |   124 ms | Status: PASS
[2025-12-30 15:12:55.218] POST   | /otps/getOtp                                                                                                             |   103 ms | Status: PASS
[2025-12-30 15:12:55.356] POST   | /otps/getOtp                                                                                                             |   104 ms | Status: PASS
[2025-12-30 15:15:15.751] POST   | /otps/getOtp                                                                                                             |   110 ms | Status: PASS
[2025-12-30 15:15:15.870] POST   | /otps/getOtp                                                                                                             |    87 ms | Status: PASS
[2025-12-30 15:21:30.866] POST   | /otps/getOtp                                                                                                             |   112 ms | Status: PASS
[2025-12-30 15:21:31.028] POST   | /otps/getOtp                                                                                                             |   139 ms | Status: PASS
[2025-12-30 15:37:55.153] POST   | /otps/getOtp                                                                                                             |    98 ms | Status: PASS
[2025-12-30 15:37:55.376] POST   | /otps/getOtp                                                                                                             |   190 ms | Status: PASS
[2025-12-30 15:45:14.684] POST   | /otps/getOtp                                                                                                             |    92 ms | Status: PASS
[2025-12-30 15:47:18.613] POST   | /otps/getOtp                                                                                                             |   115 ms | Status: PASS
[2025-12-30 15:47:18.720] POST   | /otps/getOtp                                                                                                             |    89 ms | Status: PASS
[2025-12-30 15:48:39.552] POST   | /otps/getOtp                                                                                                             |   101 ms | Status: PASS
[2025-12-30 15:48:39.764] POST   | /otps/getOtp                                                                                                             |   172 ms | Status: PASS
[2025-12-30 15:49:38.048] POST   | /otps/getOtp                                                                                                             |    86 ms | Status: PASS
[2025-12-30 15:49:38.217] POST   | /otps/getOtp                                                                                                             |   141 ms | Status: PASS
[2025-12-30 15:53:10.608] POST   | /otps/getOtp                                                                                                             |   117 ms | Status: PASS
[2025-12-30 15:53:10.770] POST   | /otps/getOtp                                                                                                             |   130 ms | Status: PASS
[2025-12-30 15:54:41.892] POST   | /otps/getOtp                                                                                                             |    99 ms | Status: PASS
[2025-12-30 15:54:42.048] POST   | /otps/getOtp                                                                                                             |   131 ms | Status: PASS
[2025-12-30 15:55:42.650] POST   | /otps/getOtp                                                                                                             |    89 ms | Status: PASS
[2025-12-30 15:55:42.808] POST   | /otps/getOtp                                                                                                             |   120 ms | Status: PASS
[2025-12-30 16:05:08.602] POST   | /otps/getOtp                                                                                                             |    61 ms | Status: PASS
[2025-12-30 16:06:01.328] POST   | /otps/getOtp                                                                                                             |    66 ms | Status: PASS
[2025-12-30 16:07:32.888] POST   | /otps/getOtp                                                                                                             |    72 ms | Status: PASS
[2025-12-30 16:09:31.226] POST   | /otps/getOtp                                                                                                             |    92 ms | Status: PASS
[2025-12-30 16:09:31.345] POST   | /otps/getOtp                                                                                                             |    88 ms | Status: PASS
[2025-12-30 16:17:14.344] POST   | /otps/getOtp                                                                                                             |   133 ms | Status: PASS
[2025-12-30 16:17:14.589] POST   | /otps/getOtp                                                                                                             |   207 ms | Status: PASS
[2025-12-30 16:27:45.781] POST   | /otps/getOtp                                                                                                             |    86 ms | Status: PASS
[2025-12-30 16:27:45.916] POST   | /otps/getOtp                                                                                                             |    96 ms | Status: PASS
[2025-12-30 16:32:24.464] POST   | /otps/getOtp                                                                                                             |   119 ms | Status: PASS
[2025-12-30 16:32:24.630] POST   | /otps/getOtp                                                                                                             |   126 ms | Status: PASS
[2025-12-30 16:40:08.899] POST   | /otps/getOtp                                                                                                             |    92 ms | Status: PASS
[2025-12-30 16:40:09.042] POST   | /otps/getOtp                                                                                                             |   124 ms | Status: PASS
[2025-12-30 16:40:58.251] POST   | /otps/getOtp                                                                                                             |   101 ms | Status: PASS
[2025-12-30 16:40:58.383] POST   | /otps/getOtp                                                                                                             |    99 ms | Status: PASS
[2025-12-30 16:43:07.716] POST   | /otps/getOtp                                                                                                             |   120 ms | Status: PASS
[2025-12-30 16:43:07.898] POST   | /otps/getOtp                                                                                                             |   136 ms | Status: PASS
[2025-12-30 16:44:24.337] POST   | /otps/getOtp                                                                                                             |    96 ms | Status: PASS
[2025-12-30 16:44:24.521] POST   | /otps/getOtp                                                                                                             |   166 ms | Status: PASS
[2025-12-30 16:45:35.712] POST   | /otps/getOtp                                                                                                             |   105 ms | Status: PASS
[2025-12-30 16:45:35.851] POST   | /otps/getOtp                                                                                                             |   102 ms | Status: PASS
[2025-12-30 16:46:59.984] POST   | /otps/getOtp                                                                                                             |    91 ms | Status: PASS
[2025-12-30 16:47:00.147] POST   | /otps/getOtp                                                                                                             |   115 ms | Status: PASS
[2025-12-30 16:54:47.506] POST   | /otps/getOtp                                                                                                             |    90 ms | Status: PASS
[2025-12-30 16:54:47.651] POST   | /otps/getOtp                                                                                                             |   112 ms | Status: PASS
[2025-12-30 17:05:01.826] POST   | /otps/getOtp                                                                                                             |    85 ms | Status: PASS
[2025-12-30 17:05:02.010] POST   | /otps/getOtp                                                                                                             |   155 ms | Status: PASS
[2025-12-30 17:07:47.847] POST   | /otps/getOtp                                                                                                             |    94 ms | Status: PASS
[2025-12-30 17:07:48.010] POST   | /otps/getOtp                                                                                                             |   118 ms | Status: PASS
[2025-12-30 17:08:45.069] POST   | /otps/getOtp                                                                                                             |   123 ms | Status: PASS
[2025-12-30 17:08:45.201] POST   | /otps/getOtp                                                                                                             |   101 ms | Status: PASS
[2025-12-30 17:50:31.676] POST   | /otps/getOtp                                                                                                             |   102 ms | Status: PASS
[2025-12-30 17:50:31.827] POST   | /otps/getOtp                                                                                                             |   111 ms | Status: PASS
[2025-12-30 18:10:17.544] POST   | /otps/getOtp                                                                                                             |   147 ms | Status: PASS
[2025-12-30 18:10:17.693] POST   | /otps/getOtp                                                                                                             |   108 ms | Status: PASS
[2025-12-30 18:39:06.282] POST   | /otps/getOtp                                                                                                             |   248 ms | Status: PASS
[2025-12-30 18:39:06.478] POST   | /otps/getOtp                                                                                                             |   128 ms | Status: PASS
[2025-12-30 18:41:05.721] POST   | /otps/getOtp                                                                                                             |   519 ms | Status: PASS
[2025-12-30 18:41:05.940] POST   | /otps/getOtp                                                                                                             |   181 ms | Status: PASS
[2025-12-30 19:10:48.728] POST   | /otps/getOtp                                                                                                             |   253 ms | Status: PASS
[2025-12-30 19:10:49.021] POST   | /otps/getOtp                                                                                                             |   260 ms | Status: PASS
[2025-12-30 19:29:17.242] POST   | /otps/getOtp                                                                                                             |   354 ms | Status: PASS
[2025-12-30 19:29:17.844] POST   | /otps/getOtp                                                                                                             |   552 ms | Status: PASS
[2025-12-30 19:34:57.564] POST   | /otps/getOtp                                                                                                             |   254 ms | Status: PASS
[2025-12-30 19:34:57.861] POST   | /otps/getOtp                                                                                                             |   259 ms | Status: PASS
[2025-12-30 19:37:12.789] POST   | /otps/getOtp                                                                                                             |   125 ms | Status: PASS
[2025-12-30 19:37:12.926] POST   | /otps/getOtp                                                                                                             |   111 ms | Status: PASS
[2025-12-30 19:44:59.542] POST   | /otps/getOtp                                                                                                             |    92 ms | Status: PASS
[2025-12-30 19:44:59.710] POST   | /otps/getOtp                                                                                                             |   145 ms | Status: PASS
[2025-12-30 19:45:50.862] POST   | /otps/getOtp                                                                                                             |   120 ms | Status: PASS
[2025-12-30 19:45:51.053] POST   | /otps/getOtp                                                                                                             |   153 ms | Status: PASS
[2025-12-30 20:02:05.743] POST   | /otps/getOtp                                                                                                             |   106 ms | Status: PASS
[2025-12-30 20:02:05.872] POST   | /otps/getOtp                                                                                                             |    85 ms | Status: PASS
[2025-12-30 20:13:59.525] POST   | /otps/getOtp                                                                                                             |   107 ms | Status: PASS
[2025-12-30 20:13:59.665] POST   | /otps/getOtp                                                                                                             |   107 ms | Status: PASS
[2025-12-30 21:39:20.056] POST   | /otps/getOtp                                                                                                             |    97 ms | Status: PASS
[2025-12-30 21:39:20.211] POST   | /otps/getOtp                                                                                                             |   122 ms | Status: PASS
[2025-12-30 21:41:31.815] POST   | /otps/getOtp                                                                                                             |   117 ms | Status: PASS
[2025-12-30 21:41:31.979] POST   | /otps/getOtp                                                                                                             |   125 ms | Status: PASS
[2025-12-30 21:44:59.516] POST   | /otps/getOtp                                                                                                             |   122 ms | Status: PASS
[2025-12-30 21:44:59.730] POST   | /otps/getOtp                                                                                                             |   167 ms | Status: PASS
[2025-12-30 21:57:35.637] POST   | /otps/getOtp                                                                                                             |   115 ms | Status: PASS
[2025-12-30 21:57:35.798] POST   | /otps/getOtp                                                                                                             |   136 ms | Status: PASS
[2025-12-30 22:07:12.486] POST   | /otps/getOtp                                                                                                             |    83 ms | Status: PASS
[2025-12-30 22:07:12.615] POST   | /otps/getOtp                                                                                                             |    99 ms | Status: PASS
[2025-12-30 22:09:18.714] POST   | /otps/getOtp                                                                                                             |    73 ms | Status: PASS
[2025-12-30 22:09:18.859] POST   | /otps/getOtp                                                                                                             |   127 ms | Status: PASS
[2025-12-30 22:16:14.507] POST   | /otps/getOtp                                                                                                             |   109 ms | Status: PASS
[2025-12-30 22:16:14.670] POST   | /otps/getOtp                                                                                                             |   127 ms | Status: PASS
[2025-12-30 22:19:36.385] POST   | /otps/getOtp                                                                                                             |    88 ms | Status: PASS
[2025-12-30 22:19:36.566] POST   | /otps/getOtp                                                                                                             |   152 ms | Status: PASS
[2025-12-30 22:23:43.113] POST   | /otps/getOtp                                                                                                             |    93 ms | Status: PASS
[2025-12-30 22:23:43.254] POST   | /otps/getOtp                                                                                                             |   119 ms | Status: PASS
[2025-12-30 22:29:11.467] POST   | /otps/getOtp                                                                                                             |    83 ms | Status: PASS
[2025-12-30 22:29:11.601] POST   | /otps/getOtp                                                                                                             |    98 ms | Status: PASS
[2025-12-30 22:30:34.809] POST   | /otps/getOtp                                                                                                             |    91 ms | Status: PASS
[2025-12-30 22:30:34.962] POST   | /otps/getOtp                                                                                                             |   117 ms | Status: PASS
[2025-12-30 22:31:35.976] POST   | /otps/getOtp                                                                                                             |    87 ms | Status: PASS
[2025-12-30 22:31:36.147] POST   | /otps/getOtp                                                                                                             |   151 ms | Status: PASS
[2025-12-30 22:33:46.970] POST   | /otps/getOtp                                                                                                             |    81 ms | Status: PASS
[2025-12-30 22:33:47.092] POST   | /otps/getOtp                                                                                                             |    93 ms | Status: PASS
[2025-12-30 22:34:55.578] POST   | /otps/getOtp                                                                                                             |   110 ms | Status: PASS
[2025-12-30 22:34:55.714] POST   | /otps/getOtp                                                                                                             |   111 ms | Status: PASS
[2025-12-30 22:38:08.584] POST   | /otps/getOtp                                                                                                             |   104 ms | Status: PASS
[2025-12-30 22:38:08.733] POST   | /otps/getOtp                                                                                                             |   133 ms | Status: PASS
[2025-12-30 22:39:10.909] POST   | /otps/getOtp                                                                                                             |    99 ms | Status: PASS
[2025-12-30 22:39:11.114] POST   | /otps/getOtp                                                                                                             |   161 ms | Status: PASS
[2025-12-30 22:42:27.754] POST   | /otps/getOtp                                                                                                             |    88 ms | Status: PASS
[2025-12-30 22:42:27.896] POST   | /otps/getOtp                                                                                                             |   110 ms | Status: PASS
[2025-12-30 22:47:02.674] POST   | /otps/getOtp                                                                                                             |    83 ms | Status: PASS
[2025-12-30 22:47:02.831] POST   | /otps/getOtp                                                                                                             |   138 ms | Status: PASS
[2025-12-30 22:49:40.064] POST   | /otps/getOtp                                                                                                             |    87 ms | Status: PASS
[2025-12-30 22:49:40.213] POST   | /otps/getOtp                                                                                                             |   120 ms | Status: PASS
[2025-12-30 22:51:33.471] POST   | /otps/getOtp                                                                                                             |   109 ms | Status: PASS
[2025-12-30 22:51:33.594] POST   | /otps/getOtp                                                                                                             |   104 ms | Status: PASS
[2025-12-30 22:52:38.547] POST   | /otps/getOtp                                                                                                             |    87 ms | Status: PASS
[2025-12-30 22:52:38.663] POST   | /otps/getOtp                                                                                                             |    94 ms | Status: PASS
[2025-12-30 22:57:11.196] POST   | /otps/getOtp                                                                                                             |    84 ms | Status: PASS
[2025-12-30 22:57:11.300] POST   | /otps/getOtp                                                                                                             |    84 ms | Status: PASS
[2025-12-30 23:01:18.781] POST   | /otps/getOtp                                                                                                             |   104 ms | Status: PASS
[2025-12-30 23:01:18.968] POST   | /otps/getOtp                                                                                                             |   145 ms | Status: PASS
[2025-12-30 23:04:51.694] POST   | /otps/getOtp                                                                                                             |    94 ms | Status: PASS
[2025-12-30 23:04:51.860] POST   | /otps/getOtp                                                                                                             |   145 ms | Status: PASS
[2025-12-30 23:23:32.579] POST   | /otps/getOtp                                                                                                             |    90 ms | Status: PASS
[2025-12-30 23:23:32.694] POST   | /otps/getOtp                                                                                                             |    92 ms | Status: PASS
[2025-12-30 23:24:59.657] POST   | /otps/getOtp                                                                                                             |    89 ms | Status: PASS
[2025-12-30 23:24:59.792] POST   | /otps/getOtp                                                                                                             |   111 ms | Status: PASS
[2025-12-30 23:27:07.490] POST   | /otps/getOtp                                                                                                             |    79 ms | Status: PASS
[2025-12-30 23:27:07.614] POST   | /otps/getOtp                                                                                                             |   106 ms | Status: PASS
[2025-12-30 23:29:51.017] POST   | /otps/getOtp                                                                                                             |   102 ms | Status: PASS
[2025-12-30 23:29:51.160] POST   | /otps/getOtp                                                                                                             |   123 ms | Status: PASS
[2025-12-30 23:30:55.594] POST   | /otps/getOtp                                                                                                             |   171 ms | Status: PASS
[2025-12-30 23:30:55.723] POST   | /otps/getOtp                                                                                                             |    97 ms | Status: PASS
[2025-12-30 23:32:23.568] POST   | /otps/getOtp                                                                                                             |   132 ms | Status: PASS
[2025-12-30 23:32:23.788] POST   | /otps/getOtp                                                                                                             |   194 ms | Status: PASS
