[2025-12-26 23:30:09.559] POST   | /otps/getOtp                                                                                                             |  1141 ms | Status: PASS
[2025-12-26 23:30:09.756] POST   | /otps/getOtp                                                                                                             |   164 ms | Status: PASS
[2025-12-26 23:30:11.695] POST   | /tests/getlocations                                                                                                      |   199 ms | Status: PASS
[2025-12-26 23:30:13.375] GET    | https://dev-api-yodamembership.yodaprojects.com/brand/getAllBrands                                                       |    81 ms | Status: PASS
[2025-12-26 23:30:14.318] POST   | tests/adminTests                                                                                                         |   363 ms | Status: PASS
[2025-12-26 23:30:14.564] POST   | tests/adminTests                                                                                                         |   167 ms | Status: PASS
[2025-12-26 23:30:14.969] POST   | tests/adminTests                                                                                                         |   373 ms | Status: PASS
[2025-12-26 23:30:15.194] POST   | /carts/v2/addCart                                                                                                        |   185 ms | Status: PASS
[2025-12-26 23:30:15.423] POST   | /carts/v2/addCart                                                                                                        |   212 ms | Status: PASS
[2025-12-26 23:30:15.658] POST   | /address/addAddress                                                                                                      |   157 ms | Status: PASS
[2025-12-26 23:30:15.879] POST   | /slot/getSlotCountByTime                                                                                                 |   180 ms | Status: PASS
[2025-12-26 23:30:16.201] POST   | /slot/getSlotCountByTime                                                                                                 |   256 ms | Status: PASS
[2025-12-26 23:30:16.627] POST   | /carts/v2/addCart                                                                                                        |   375 ms | Status: PASS
[2025-12-26 23:30:16.985] GET    | /carts/v2/getCartById/db682abb-31d1-44df-bf19-557b003a5c69                                                               |   289 ms | Status: PASS
[2025-12-26 23:30:18.968] POST   | /gateway/v2/CreateOrder                                                                                                  |   314 ms | Status: PASS
[2025-12-26 23:31:13.468] POST   | /otps/getOtp                                                                                                             |   412 ms | Status: PASS
[2025-12-26 23:31:13.876] POST   | /otps/getOtp                                                                                                             |   384 ms | Status: PASS
[2025-12-26 23:35:56.472] POST   | /otps/getOtp                                                                                                             |    87 ms | Status: PASS
[2025-12-26 23:35:56.573] POST   | /otps/getOtp                                                                                                             |    86 ms | Status: PASS
[2025-12-26 23:35:56.721] POST   | /tests/getlocations                                                                                                      |    62 ms | Status: PASS
[2025-12-26 23:35:57.754] GET    | https://dev-api-yodamembership.yodaprojects.com/brand/getAllBrands                                                       |    62 ms | Status: PASS
[2025-12-26 23:35:57.972] POST   | tests/adminTests                                                                                                         |   190 ms | Status: PASS
[2025-12-26 23:35:58.156] POST   | tests/adminTests                                                                                                         |   150 ms | Status: PASS
[2025-12-26 23:35:58.417] POST   | tests/adminTests                                                                                                         |   226 ms | Status: PASS
[2025-12-26 23:35:58.514] POST   | /carts/v2/addCart                                                                                                        |    73 ms | Status: PASS
[2025-12-26 23:35:58.610] POST   | /carts/v2/addCart                                                                                                        |    86 ms | Status: PASS
[2025-12-26 23:35:58.764] POST   | /address/addAddress                                                                                                      |    81 ms | Status: PASS
[2025-12-26 23:35:58.896] POST   | /slot/getSlotCountByTime                                                                                                 |   105 ms | Status: PASS
[2025-12-26 23:35:59.026] POST   | /slot/getSlotCountByTime                                                                                                 |    97 ms | Status: PASS
[2025-12-26 23:35:59.142] POST   | /carts/v2/addCart                                                                                                        |    83 ms | Status: PASS
[2025-12-26 23:35:59.393] GET    | /carts/v2/getCartById/db682abb-31d1-44df-bf19-557b003a5c69                                                               |   195 ms | Status: PASS
[2025-12-26 23:36:00.902] POST   | /gateway/v2/CreateOrder                                                                                                  |   187 ms | Status: PASS
[2025-12-27 15:10:17.756] POST   | /otps/getOtp                                                                                                             |   967 ms | Status: PASS
[2025-12-27 15:10:18.710] POST   | /otps/getOtp                                                                                                             |   925 ms | Status: PASS
[2025-12-29 14:48:34.220] POST   | /otps/getOtp                                                                                                             |   459 ms | Status: PASS
[2025-12-29 14:48:34.488] POST   | /otps/getOtp                                                                                                             |   236 ms | Status: PASS
[2025-12-29 14:55:53.808] POST   | /otps/getOtp                                                                                                             |   163 ms | Status: PASS
[2025-12-29 14:55:54.094] POST   | /otps/getOtp                                                                                                             |   260 ms | Status: PASS
[2025-12-29 15:02:42.588] POST   | /otps/getOtp                                                                                                             |   103 ms | Status: PASS
[2025-12-29 15:02:42.740] POST   | /otps/getOtp                                                                                                             |   134 ms | Status: PASS
[2025-12-29 15:09:05.836] POST   | /otps/getOtp                                                                                                             |  1659 ms | Status: PASS
[2025-12-29 15:09:10.211] POST   | /otps/getOtp                                                                                                             |  4349 ms | Status: FAIL (SLA Violation)
[2025-12-29 15:13:20.950] POST   | /otps/getOtp                                                                                                             |    89 ms | Status: PASS
[2025-12-29 15:13:21.124] POST   | /otps/getOtp                                                                                                             |   151 ms | Status: PASS
[2025-12-29 15:20:48.132] POST   | /otps/getOtp                                                                                                             |    89 ms | Status: PASS
[2025-12-29 15:20:48.254] POST   | /otps/getOtp                                                                                                             |   106 ms | Status: PASS
[2025-12-29 16:28:01.770] POST   | /otps/getOtp                                                                                                             |    98 ms | Status: PASS
[2025-12-29 16:28:01.949] POST   | /otps/getOtp                                                                                                             |   160 ms | Status: PASS
[2025-12-29 16:33:42.472] POST   | /otps/getOtp                                                                                                             |    66 ms | Status: PASS
[2025-12-29 16:33:42.578] POST   | /otps/getOtp                                                                                                             |    94 ms | Status: PASS
[2025-12-29 17:53:24.814] POST   | /otps/getOtp                                                                                                             |    97 ms | Status: PASS
[2025-12-29 17:53:24.916] POST   | /otps/getOtp                                                                                                             |    86 ms | Status: PASS
[2025-12-29 18:00:14.581] POST   | /otps/getOtp                                                                                                             |    85 ms | Status: PASS
[2025-12-29 18:00:14.682] POST   | /otps/getOtp                                                                                                             |    89 ms | Status: PASS
[2025-12-29 18:01:32.597] POST   | /otps/getOtp                                                                                                             |    95 ms | Status: PASS
[2025-12-29 18:01:32.759] POST   | /otps/getOtp                                                                                                             |   134 ms | Status: PASS
[2025-12-29 18:03:08.004] POST   | /otps/getOtp                                                                                                             |    99 ms | Status: PASS
[2025-12-29 18:03:08.155] POST   | /otps/getOtp                                                                                                             |   126 ms | Status: PASS
[2025-12-29 18:05:41.244] POST   | /otps/getOtp                                                                                                             |   116 ms | Status: PASS
[2025-12-29 18:05:41.368] POST   | /otps/getOtp                                                                                                             |   101 ms | Status: PASS
[2025-12-29 18:07:53.868] POST   | /otps/getOtp                                                                                                             |    93 ms | Status: PASS
[2025-12-29 18:07:53.965] POST   | /otps/getOtp                                                                                                             |    90 ms | Status: PASS
[2025-12-29 18:09:35.676] POST   | /otps/getOtp                                                                                                             |    86 ms | Status: PASS
[2025-12-29 18:09:35.810] POST   | /otps/getOtp                                                                                                             |   123 ms | Status: PASS
[2025-12-29 18:11:21.292] POST   | /otps/getOtp                                                                                                             |    80 ms | Status: PASS
[2025-12-29 18:11:21.447] POST   | /otps/getOtp                                                                                                             |   142 ms | Status: PASS
[2025-12-29 18:22:48.169] POST   | /otps/getOtp                                                                                                             |   102 ms | Status: PASS
[2025-12-29 18:22:48.289] POST   | /otps/getOtp                                                                                                             |    98 ms | Status: PASS
[2025-12-29 18:26:26.301] POST   | /otps/getOtp                                                                                                             |   107 ms | Status: PASS
[2025-12-29 18:26:26.420] POST   | /otps/getOtp                                                                                                             |   109 ms | Status: PASS
[2025-12-29 18:27:36.647] POST   | /otps/getOtp                                                                                                             |    95 ms | Status: PASS
[2025-12-29 18:27:36.754] POST   | /otps/getOtp                                                                                                             |    94 ms | Status: PASS
[2025-12-29 18:38:24.000] POST   | /otps/getOtp                                                                                                             |   165 ms | Status: PASS
[2025-12-29 18:38:24.248] POST   | /otps/getOtp                                                                                                             |   208 ms | Status: PASS
[2025-12-29 19:20:39.325] POST   | /otps/getOtp                                                                                                             |   200 ms | Status: PASS
[2025-12-29 19:20:39.739] POST   | /otps/getOtp                                                                                                             |   389 ms | Status: PASS
[2025-12-29 19:22:24.981] POST   | /otps/getOtp                                                                                                             |   319 ms | Status: PASS
[2025-12-29 19:22:25.166] POST   | /otps/getOtp                                                                                                             |   165 ms | Status: PASS
[2025-12-29 19:27:37.232] POST   | /otps/getOtp                                                                                                             |   712 ms | Status: PASS
[2025-12-29 19:27:37.704] POST   | /otps/getOtp                                                                                                             |   452 ms | Status: PASS
[2025-12-29 19:33:24.700] POST   | /otps/getOtp                                                                                                             |   108 ms | Status: PASS
[2025-12-29 19:33:24.833] POST   | /otps/getOtp                                                                                                             |   119 ms | Status: PASS
[2025-12-29 19:37:28.656] POST   | /otps/getOtp                                                                                                             |   125 ms | Status: PASS
[2025-12-29 19:37:28.791] POST   | /otps/getOtp                                                                                                             |   121 ms | Status: PASS
[2025-12-29 19:39:02.917] POST   | /otps/getOtp                                                                                                             |   144 ms | Status: PASS
[2025-12-29 19:39:03.064] POST   | /otps/getOtp                                                                                                             |   124 ms | Status: PASS
[2025-12-29 19:44:56.947] POST   | /otps/getOtp                                                                                                             |   140 ms | Status: PASS
[2025-12-29 19:44:57.087] POST   | /otps/getOtp                                                                                                             |   125 ms | Status: PASS
[2025-12-29 19:46:27.528] POST   | /otps/getOtp                                                                                                             |    94 ms | Status: PASS
[2025-12-29 19:48:02.797] POST   | /otps/getOtp                                                                                                             |   115 ms | Status: PASS
[2025-12-29 19:54:57.492] POST   | /otps/getOtp                                                                                                             |    70 ms | Status: PASS
[2025-12-29 19:57:19.231] POST   | /otps/getOtp                                                                                                             |   124 ms | Status: PASS
[2025-12-29 19:57:19.379] POST   | /otps/getOtp                                                                                                             |   139 ms | Status: PASS
[2025-12-29 20:00:33.130] POST   | /otps/getOtp                                                                                                             |   100 ms | Status: PASS
[2025-12-29 20:00:33.229] POST   | /otps/getOtp                                                                                                             |    89 ms | Status: PASS
[2025-12-29 20:01:45.246] POST   | /otps/getOtp                                                                                                             |   113 ms | Status: PASS
[2025-12-29 20:01:45.360] POST   | /otps/getOtp                                                                                                             |   101 ms | Status: PASS
[2025-12-29 21:48:34.220] POST   | /otps/getOtp                                                                                                             |    99 ms | Status: PASS
[2025-12-29 21:48:34.324] POST   | /otps/getOtp                                                                                                             |    89 ms | Status: PASS
[2025-12-29 22:02:20.730] POST   | /otps/getOtp                                                                                                             |   100 ms | Status: PASS
[2025-12-29 22:02:20.847] POST   | /otps/getOtp                                                                                                             |   105 ms | Status: PASS
[2025-12-29 22:03:58.473] POST   | /otps/getOtp                                                                                                             |   228 ms | Status: PASS
[2025-12-29 22:03:58.798] POST   | /otps/getOtp                                                                                                             |   306 ms | Status: PASS
[2025-12-29 22:07:06.593] POST   | /otps/getOtp                                                                                                             |   166 ms | Status: PASS
[2025-12-29 22:07:07.097] POST   | /otps/getOtp                                                                                                             |   492 ms | Status: PASS
[2025-12-29 22:16:47.724] POST   | /otps/getOtp                                                                                                             |    93 ms | Status: PASS
[2025-12-29 22:16:47.859] POST   | /otps/getOtp                                                                                                             |   115 ms | Status: PASS
[2025-12-29 22:19:27.376] POST   | /otps/getOtp                                                                                                             |   377 ms | Status: PASS
[2025-12-29 22:19:27.612] POST   | /otps/getOtp                                                                                                             |   223 ms | Status: PASS
[2025-12-29 22:30:33.663] POST   | /otps/getOtp                                                                                                             |   413 ms | Status: PASS
[2025-12-29 22:30:34.022] POST   | /otps/getOtp                                                                                                             |   342 ms | Status: PASS
[2025-12-29 22:44:46.628] POST   | /otps/getOtp                                                                                                             |   380 ms | Status: PASS
[2025-12-29 22:44:47.118] POST   | /otps/getOtp                                                                                                             |   464 ms | Status: PASS
[2025-12-29 22:50:25.984] POST   | /otps/getOtp                                                                                                             |   264 ms | Status: PASS
[2025-12-29 22:50:26.125] POST   | /otps/getOtp                                                                                                             |   114 ms | Status: PASS
[2025-12-29 22:53:08.609] POST   | /otps/getOtp                                                                                                             |   356 ms | Status: PASS
[2025-12-29 22:53:09.038] POST   | /otps/getOtp                                                                                                             |   408 ms | Status: PASS
[2025-12-29 22:55:13.656] POST   | /otps/getOtp                                                                                                             |   153 ms | Status: PASS
[2025-12-29 22:55:13.976] POST   | /otps/getOtp                                                                                                             |   302 ms | Status: PASS
[2025-12-29 23:02:57.347] POST   | /otps/getOtp                                                                                                             |    95 ms | Status: PASS
[2025-12-29 23:02:57.495] POST   | /otps/getOtp                                                                                                             |   126 ms | Status: PASS
[2025-12-29 23:06:23.742] POST   | /otps/getOtp                                                                                                             |   210 ms | Status: PASS
[2025-12-29 23:06:23.860] POST   | /otps/getOtp                                                                                                             |   100 ms | Status: PASS
[2025-12-30 14:27:57.579] POST   | /otps/getOtp                                                                                                             |    94 ms | Status: PASS
[2025-12-30 14:27:57.729] POST   | /otps/getOtp                                                                                                             |   124 ms | Status: PASS
[2025-12-30 14:32:56.563] POST   | /otps/getOtp                                                                                                             |    91 ms | Status: PASS
[2025-12-30 14:32:56.697] POST   | /otps/getOtp                                                                                                             |   117 ms | Status: PASS
[2025-12-30 14:40:28.979] POST   | /otps/getOtp                                                                                                             |    83 ms | Status: PASS
[2025-12-30 14:40:29.110] POST   | /otps/getOtp                                                                                                             |   103 ms | Status: PASS
[2025-12-30 14:42:01.506] POST   | /otps/getOtp                                                                                                             |    85 ms | Status: PASS
[2025-12-30 14:42:01.603] POST   | /otps/getOtp                                                                                                             |    84 ms | Status: PASS
[2025-12-30 14:44:20.031] POST   | /otps/getOtp                                                                                                             |    97 ms | Status: PASS
[2025-12-30 14:44:20.134] POST   | /otps/getOtp                                                                                                             |    89 ms | Status: PASS
[2025-12-30 14:45:18.532] POST   | /otps/getOtp                                                                                                             |    82 ms | Status: PASS
[2025-12-30 14:45:18.647] POST   | /otps/getOtp                                                                                                             |   106 ms | Status: PASS
[2025-12-30 14:46:10.232] POST   | /otps/getOtp                                                                                                             |   109 ms | Status: PASS
[2025-12-30 14:46:10.346] POST   | /otps/getOtp                                                                                                             |    99 ms | Status: PASS
[2025-12-30 14:49:32.189] POST   | /otps/getOtp                                                                                                             |    83 ms | Status: PASS
[2025-12-30 14:49:32.275] POST   | /otps/getOtp                                                                                                             |    76 ms | Status: PASS
[2025-12-30 15:12:55.533] POST   | /otps/getOtp                                                                                                             |    77 ms | Status: PASS
[2025-12-30 15:12:55.662] POST   | /otps/getOtp                                                                                                             |   114 ms | Status: PASS
[2025-12-30 15:15:16.092] POST   | /otps/getOtp                                                                                                             |    84 ms | Status: PASS
[2025-12-30 15:15:16.190] POST   | /otps/getOtp                                                                                                             |    89 ms | Status: PASS
[2025-12-30 15:21:31.252] POST   | /otps/getOtp                                                                                                             |    94 ms | Status: PASS
[2025-12-30 15:21:31.370] POST   | /otps/getOtp                                                                                                             |   108 ms | Status: PASS
[2025-12-30 15:37:55.568] POST   | /otps/getOtp                                                                                                             |    97 ms | Status: PASS
[2025-12-30 15:37:55.684] POST   | /otps/getOtp                                                                                                             |   105 ms | Status: PASS
[2025-12-30 15:45:14.848] POST   | /otps/getOtp                                                                                                             |   102 ms | Status: PASS
[2025-12-30 15:47:18.914] POST   | /otps/getOtp                                                                                                             |    87 ms | Status: PASS
[2025-12-30 15:47:19.003] POST   | /otps/getOtp                                                                                                             |    81 ms | Status: PASS
[2025-12-30 15:48:39.957] POST   | /otps/getOtp                                                                                                             |    95 ms | Status: PASS
[2025-12-30 15:48:40.065] POST   | /otps/getOtp                                                                                                             |    98 ms | Status: PASS
[2025-12-30 15:49:38.427] POST   | /otps/getOtp                                                                                                             |    99 ms | Status: PASS
[2025-12-30 15:49:38.536] POST   | /otps/getOtp                                                                                                             |   100 ms | Status: PASS
[2025-12-30 15:53:10.952] POST   | /otps/getOtp                                                                                                             |    93 ms | Status: PASS
[2025-12-30 15:53:11.077] POST   | /otps/getOtp                                                                                                             |   113 ms | Status: PASS
[2025-12-30 15:54:42.358] POST   | /otps/getOtp                                                                                                             |   111 ms | Status: PASS
[2025-12-30 15:54:42.483] POST   | /otps/getOtp                                                                                                             |   107 ms | Status: PASS
[2025-12-30 15:55:42.997] POST   | /otps/getOtp                                                                                                             |    93 ms | Status: PASS
[2025-12-30 15:55:43.106] POST   | /otps/getOtp                                                                                                             |    93 ms | Status: PASS
[2025-12-30 16:05:08.717] POST   | /otps/getOtp                                                                                                             |    68 ms | Status: PASS
[2025-12-30 16:06:01.460] POST   | /otps/getOtp                                                                                                             |    86 ms | Status: PASS
[2025-12-30 16:07:32.991] POST   | /otps/getOtp                                                                                                             |    66 ms | Status: PASS
[2025-12-30 16:09:31.640] POST   | /otps/getOtp                                                                                                             |   205 ms | Status: PASS
[2025-12-30 16:09:31.756] POST   | /otps/getOtp                                                                                                             |    96 ms | Status: PASS
[2025-12-30 16:17:14.847] POST   | /otps/getOtp                                                                                                             |   126 ms | Status: PASS
[2025-12-30 16:17:14.987] POST   | /otps/getOtp                                                                                                             |   120 ms | Status: PASS
[2025-12-30 16:27:46.125] POST   | /otps/getOtp                                                                                                             |    88 ms | Status: PASS
[2025-12-30 16:27:46.232] POST   | /otps/getOtp                                                                                                             |    98 ms | Status: PASS
[2025-12-30 16:32:24.893] POST   | /otps/getOtp                                                                                                             |    97 ms | Status: PASS
[2025-12-30 16:32:25.019] POST   | /otps/getOtp                                                                                                             |   102 ms | Status: PASS
[2025-12-30 16:40:09.240] POST   | /otps/getOtp                                                                                                             |    85 ms | Status: PASS
[2025-12-30 16:40:09.362] POST   | /otps/getOtp                                                                                                             |   110 ms | Status: PASS
[2025-12-30 16:40:58.585] POST   | /otps/getOtp                                                                                                             |   100 ms | Status: PASS
[2025-12-30 16:40:58.694] POST   | /otps/getOtp                                                                                                             |    95 ms | Status: PASS
[2025-12-30 16:43:08.080] POST   | /otps/getOtp                                                                                                             |    85 ms | Status: PASS
[2025-12-30 16:43:08.190] POST   | /otps/getOtp                                                                                                             |   100 ms | Status: PASS
[2025-12-30 16:44:24.711] POST   | /otps/getOtp                                                                                                             |    86 ms | Status: PASS
[2025-12-30 16:44:24.820] POST   | /otps/getOtp                                                                                                             |    97 ms | Status: PASS
[2025-12-30 16:45:36.047] POST   | /otps/getOtp                                                                                                             |    89 ms | Status: PASS
[2025-12-30 16:45:36.161] POST   | /otps/getOtp                                                                                                             |   101 ms | Status: PASS
[2025-12-30 16:47:00.357] POST   | /otps/getOtp                                                                                                             |    86 ms | Status: PASS
[2025-12-30 16:47:00.455] POST   | /otps/getOtp                                                                                                             |    90 ms | Status: PASS
[2025-12-30 16:54:47.867] POST   | /otps/getOtp                                                                                                             |    84 ms | Status: PASS
[2025-12-30 16:54:47.960] POST   | /otps/getOtp                                                                                                             |    86 ms | Status: PASS
[2025-12-30 17:05:02.185] POST   | /otps/getOtp                                                                                                             |    77 ms | Status: PASS
[2025-12-30 17:05:02.335] POST   | /otps/getOtp                                                                                                             |   130 ms | Status: PASS
[2025-12-30 17:07:48.194] POST   | /otps/getOtp                                                                                                             |    80 ms | Status: PASS
[2025-12-30 17:07:48.310] POST   | /otps/getOtp                                                                                                             |   107 ms | Status: PASS
[2025-12-30 17:08:45.405] POST   | /otps/getOtp                                                                                                             |    87 ms | Status: PASS
[2025-12-30 17:08:45.499] POST   | /otps/getOtp                                                                                                             |    83 ms | Status: PASS
[2025-12-30 17:50:32.029] POST   | /otps/getOtp                                                                                                             |    85 ms | Status: PASS
[2025-12-30 17:50:32.163] POST   | /otps/getOtp                                                                                                             |   113 ms | Status: PASS
[2025-12-30 18:10:18.543] POST   | /otps/getOtp                                                                                                             |   652 ms | Status: PASS
[2025-12-30 18:10:19.064] POST   | /otps/getOtp                                                                                                             |   503 ms | Status: PASS
[2025-12-30 18:39:06.784] POST   | /otps/getOtp                                                                                                             |   145 ms | Status: PASS
[2025-12-30 18:39:07.124] POST   | /otps/getOtp                                                                                                             |   322 ms | Status: PASS
[2025-12-30 18:41:06.232] POST   | /otps/getOtp                                                                                                             |   146 ms | Status: PASS
[2025-12-30 18:41:06.442] POST   | /otps/getOtp                                                                                                             |   188 ms | Status: PASS
[2025-12-30 19:10:49.393] POST   | /otps/getOtp                                                                                                             |   245 ms | Status: PASS
[2025-12-30 19:10:49.515] POST   | /otps/getOtp                                                                                                             |   104 ms | Status: PASS
[2025-12-30 19:29:18.163] POST   | /otps/getOtp                                                                                                             |   154 ms | Status: PASS
[2025-12-30 19:29:18.426] POST   | /otps/getOtp                                                                                                             |   240 ms | Status: PASS
[2025-12-30 19:34:58.342] POST   | /otps/getOtp                                                                                                             |   253 ms | Status: PASS
[2025-12-30 19:34:58.609] POST   | /otps/getOtp                                                                                                             |   240 ms | Status: PASS
[2025-12-30 19:37:13.170] POST   | /otps/getOtp                                                                                                             |   105 ms | Status: PASS
[2025-12-30 19:37:13.335] POST   | /otps/getOtp                                                                                                             |   153 ms | Status: PASS
[2025-12-30 19:44:59.922] POST   | /otps/getOtp                                                                                                             |   116 ms | Status: PASS
[2025-12-30 19:45:00.047] POST   | /otps/getOtp                                                                                                             |   113 ms | Status: PASS
[2025-12-30 19:45:51.264] POST   | /otps/getOtp                                                                                                             |   115 ms | Status: PASS
[2025-12-30 19:45:51.430] POST   | /otps/getOtp                                                                                                             |   152 ms | Status: PASS
[2025-12-30 20:02:06.046] POST   | /otps/getOtp                                                                                                             |    75 ms | Status: PASS
[2025-12-30 20:02:06.141] POST   | /otps/getOtp                                                                                                             |    82 ms | Status: PASS
[2025-12-30 20:13:59.846] POST   | /otps/getOtp                                                                                                             |    75 ms | Status: PASS
[2025-12-30 20:13:59.947] POST   | /otps/getOtp                                                                                                             |    86 ms | Status: PASS
[2025-12-30 21:39:20.414] POST   | /otps/getOtp                                                                                                             |    89 ms | Status: PASS
[2025-12-30 21:39:20.546] POST   | /otps/getOtp                                                                                                             |   116 ms | Status: PASS
[2025-12-30 21:41:32.263] POST   | /otps/getOtp                                                                                                             |    96 ms | Status: PASS
[2025-12-30 21:41:32.397] POST   | /otps/getOtp                                                                                                             |   112 ms | Status: PASS
[2025-12-30 21:45:00.278] POST   | /otps/getOtp                                                                                                             |   129 ms | Status: PASS
[2025-12-30 21:45:00.575] POST   | /otps/getOtp                                                                                                             |   272 ms | Status: PASS
[2025-12-30 21:57:36.013] POST   | /otps/getOtp                                                                                                             |   103 ms | Status: PASS
[2025-12-30 21:57:36.135] POST   | /otps/getOtp                                                                                                             |   106 ms | Status: PASS
[2025-12-30 22:07:12.833] POST   | /otps/getOtp                                                                                                             |    90 ms | Status: PASS
[2025-12-30 22:07:12.960] POST   | /otps/getOtp                                                                                                             |   111 ms | Status: PASS
[2025-12-30 22:09:19.043] POST   | /otps/getOtp                                                                                                             |    81 ms | Status: PASS
[2025-12-30 22:09:19.148] POST   | /otps/getOtp                                                                                                             |    97 ms | Status: PASS
[2025-12-30 22:16:14.903] POST   | /otps/getOtp                                                                                                             |    83 ms | Status: PASS
[2025-12-30 22:16:15.008] POST   | /otps/getOtp                                                                                                             |    88 ms | Status: PASS
[2025-12-30 22:19:36.800] POST   | /otps/getOtp                                                                                                             |    91 ms | Status: PASS
[2025-12-30 22:19:36.914] POST   | /otps/getOtp                                                                                                             |    97 ms | Status: PASS
[2025-12-30 22:23:43.463] POST   | /otps/getOtp                                                                                                             |    93 ms | Status: PASS
[2025-12-30 22:23:43.588] POST   | /otps/getOtp                                                                                                             |   117 ms | Status: PASS
[2025-12-30 22:29:11.811] POST   | /otps/getOtp                                                                                                             |    89 ms | Status: PASS
[2025-12-30 22:29:11.909] POST   | /otps/getOtp                                                                                                             |    87 ms | Status: PASS
[2025-12-30 22:30:35.147] POST   | /otps/getOtp                                                                                                             |    70 ms | Status: PASS
[2025-12-30 22:30:35.261] POST   | /otps/getOtp                                                                                                             |   100 ms | Status: PASS
[2025-12-30 22:31:36.343] POST   | /otps/getOtp                                                                                                             |    88 ms | Status: PASS
[2025-12-30 22:31:36.449] POST   | /otps/getOtp                                                                                                             |    93 ms | Status: PASS
[2025-12-30 22:33:47.300] POST   | /otps/getOtp                                                                                                             |    75 ms | Status: PASS
[2025-12-30 22:33:47.407] POST   | /otps/getOtp                                                                                                             |    96 ms | Status: PASS
[2025-12-30 22:34:55.977] POST   | /otps/getOtp                                                                                                             |   152 ms | Status: PASS
[2025-12-30 22:34:56.180] POST   | /otps/getOtp                                                                                                             |   186 ms | Status: PASS
[2025-12-30 22:38:08.897] POST   | /otps/getOtp                                                                                                             |    74 ms | Status: PASS
[2025-12-30 22:38:08.992] POST   | /otps/getOtp                                                                                                             |    81 ms | Status: PASS
[2025-12-30 22:39:11.318] POST   | /otps/getOtp                                                                                                             |    79 ms | Status: PASS
[2025-12-30 22:39:11.420] POST   | /otps/getOtp                                                                                                             |    90 ms | Status: PASS
[2025-12-30 22:42:28.123] POST   | /otps/getOtp                                                                                                             |    87 ms | Status: PASS
[2025-12-30 22:42:28.238] POST   | /otps/getOtp                                                                                                             |   102 ms | Status: PASS
[2025-12-30 22:47:03.065] POST   | /otps/getOtp                                                                                                             |    86 ms | Status: PASS
[2025-12-30 22:47:03.181] POST   | /otps/getOtp                                                                                                             |   105 ms | Status: PASS
[2025-12-30 22:49:40.426] POST   | /otps/getOtp                                                                                                             |    93 ms | Status: PASS
[2025-12-30 22:49:40.526] POST   | /otps/getOtp                                                                                                             |    92 ms | Status: PASS
[2025-12-30 22:51:33.789] POST   | /otps/getOtp                                                                                                             |    81 ms | Status: PASS
[2025-12-30 22:51:33.886] POST   | /otps/getOtp                                                                                                             |    86 ms | Status: PASS
[2025-12-30 22:52:38.861] POST   | /otps/getOtp                                                                                                             |    67 ms | Status: PASS
[2025-12-30 22:52:38.968] POST   | /otps/getOtp                                                                                                             |    94 ms | Status: PASS
[2025-12-30 22:57:11.464] POST   | /otps/getOtp                                                                                                             |    71 ms | Status: PASS
[2025-12-30 22:57:11.556] POST   | /otps/getOtp                                                                                                             |    83 ms | Status: PASS
[2025-12-30 23:01:19.205] POST   | /otps/getOtp                                                                                                             |    91 ms | Status: PASS
[2025-12-30 23:01:19.295] POST   | /otps/getOtp                                                                                                             |    71 ms | Status: PASS
[2025-12-30 23:04:52.105] POST   | /otps/getOtp                                                                                                             |    83 ms | Status: PASS
[2025-12-30 23:04:52.219] POST   | /otps/getOtp                                                                                                             |   102 ms | Status: PASS
[2025-12-30 23:23:32.879] POST   | /otps/getOtp                                                                                                             |    74 ms | Status: PASS
[2025-12-30 23:23:32.982] POST   | /otps/getOtp                                                                                                             |    86 ms | Status: PASS
[2025-12-30 23:25:00.001] POST   | /otps/getOtp                                                                                                             |    81 ms | Status: PASS
[2025-12-30 23:25:00.101] POST   | /otps/getOtp                                                                                                             |    90 ms | Status: PASS
[2025-12-30 23:27:07.806] POST   | /otps/getOtp                                                                                                             |    81 ms | Status: PASS
[2025-12-30 23:27:07.902] POST   | /otps/getOtp                                                                                                             |    80 ms | Status: PASS
[2025-12-30 23:29:51.339] POST   | /otps/getOtp                                                                                                             |    72 ms | Status: PASS
[2025-12-30 23:29:51.428] POST   | /otps/getOtp                                                                                                             |    76 ms | Status: PASS
[2025-12-30 23:30:55.983] POST   | /otps/getOtp                                                                                                             |    90 ms | Status: PASS
[2025-12-30 23:30:56.114] POST   | /otps/getOtp                                                                                                             |   106 ms | Status: PASS
[2025-12-30 23:32:24.135] POST   | /otps/getOtp                                                                                                             |   121 ms | Status: PASS
[2025-12-30 23:32:24.264] POST   | /otps/getOtp                                                                                                             |   111 ms | Status: PASS
